05/04 06:57:00 FINE sim.Admin|Log for simulation 3 started
************************************************************
* Log for simulation 3 started
************************************************************


05/04 06:57:00 INFO sim.TACAdxSimulation|TACAA Simulation 3 is setting up...
05/04 06:57:00 INFO sim.TACAdxSimulation|Created Adx Agent
05/04 06:57:00 INFO sim.TACAdxSimulation|Created Demand Agent
05/04 06:57:00 FINE generators.SimpleUserGenerator|Generated 10000 tau.tac.adx.users.AdxUsers
05/04 06:57:00 FINE agents.DummyAdNetwork|dummy DummyAdnetwork simulationSetup
05/04 06:57:00 FINE agents.DummyAdNetwork|dummy DummyAdnetwork-2 simulationSetup
05/04 06:57:00 FINE agents.DummyAdNetwork|dummy DummyAdnetwork-3 simulationSetup
05/04 06:57:00 FINE agents.DummyAdNetwork|dummy DummyAdnetwork-4 simulationSetup
05/04 06:57:00 FINE agents.DummyAdNetwork|dummy DummyAdnetwork-5 simulationSetup
05/04 06:57:00 FINE agents.DummyAdNetwork|dummy DummyAdnetwork-6 simulationSetup
05/04 06:57:00 FINE agents.DummyAdNetwork|dummy DummyAdnetwork-7 simulationSetup
05/04 06:57:00 FINE agents.DummyAdNetwork|dummy DummyAdnetwork-8 simulationSetup
05/04 06:57:00 INFO publisher.AdxPublisherReportManagerImpl|AdxQueryReportManager created.
05/04 06:57:00 INFO adn.AdNetworkReportManagerImpl|AdxQueryReportManager created.
05/04 06:57:00 INFO agents.DemandAgent|setting up...
05/04 06:57:00 FINE agents.DemandAgent|Finished setup
05/04 06:57:03 FINE agents.DummyAdNetwork|class se.sics.tasim.props.StartInfo
05/04 06:57:03 FINE agents.DummyAdNetwork|class se.sics.tasim.props.StartInfo
05/04 06:57:03 FINE agents.DummyAdNetwork|class se.sics.tasim.props.StartInfo
05/04 06:57:03 FINE agents.DummyAdNetwork|class se.sics.tasim.props.StartInfo
05/04 06:57:03 FINE agents.DummyAdNetwork|class se.sics.tasim.props.StartInfo
05/04 06:57:03 FINE agents.DummyAdNetwork|class se.sics.tasim.props.StartInfo
05/04 06:57:03 FINE agents.DummyAdNetwork|class se.sics.tasim.props.StartInfo
05/04 06:57:03 FINE agents.DummyAdNetwork|class se.sics.tasim.props.StartInfo
05/04 06:57:03 FINE agents.DummyAdNetwork|class tau.tac.adx.props.PublisherCatalog
05/04 06:57:03 FINE agents.DummyAdNetwork|class tau.tac.adx.props.PublisherCatalog
05/04 06:57:03 FINE agents.DummyAdNetwork|class tau.tac.adx.props.PublisherCatalog
05/04 06:57:03 FINE agents.DummyAdNetwork|class tau.tac.adx.props.PublisherCatalog
05/04 06:57:03 FINE agents.DummyAdNetwork|class tau.tac.adx.props.PublisherCatalog
05/04 06:57:03 FINE agents.DummyAdNetwork|class tau.tac.adx.props.PublisherCatalog
05/04 06:57:03 FINE agents.DummyAdNetwork|class tau.tac.adx.props.PublisherCatalog
05/04 06:57:03 FINE agents.DummyAdNetwork|class tau.tac.adx.props.PublisherCatalog
05/04 06:57:03 FINE agents.DummyAdNetwork|class edu.umich.eecs.tac.props.AdvertiserInfo
05/04 06:57:03 FINE agents.DummyAdNetwork|class edu.umich.eecs.tac.props.AdvertiserInfo
05/04 06:57:03 FINE agents.DummyAdNetwork|class edu.umich.eecs.tac.props.AdvertiserInfo
05/04 06:57:03 FINE agents.DummyAdNetwork|class edu.umich.eecs.tac.props.AdvertiserInfo
05/04 06:57:03 FINE agents.DummyAdNetwork|class edu.umich.eecs.tac.props.AdvertiserInfo
05/04 06:57:03 FINE agents.DummyAdNetwork|class edu.umich.eecs.tac.props.AdvertiserInfo
05/04 06:57:03 FINE agents.DummyAdNetwork|class edu.umich.eecs.tac.props.AdvertiserInfo
05/04 06:57:03 FINE agents.DummyAdNetwork|class edu.umich.eecs.tac.props.AdvertiserInfo
05/04 06:57:03 INFO sim.Simulation|***** START OF TIME 0 *****
05/04 06:57:03 INFO agents.DemandAgent|allocating initial campaigns
05/04 06:57:03 FINE adx.AdxManager|tau.tac.adx.messages.CampaignNotification@43ebf4ff
05/04 06:57:03 INFO agents.DemandAgent|allocating initial campaigns
05/04 06:57:03 FINE adx.AdxManager|tau.tac.adx.messages.CampaignNotification@11396ef7
05/04 06:57:03 INFO agents.DemandAgent|allocating initial campaigns
05/04 06:57:03 FINE adx.AdxManager|tau.tac.adx.messages.CampaignNotification@6ef36e59
05/04 06:57:03 INFO agents.DemandAgent|allocating initial campaigns
05/04 06:57:03 FINE adx.AdxManager|tau.tac.adx.messages.CampaignNotification@77292ba7
05/04 06:57:03 INFO agents.DemandAgent|allocating initial campaigns
05/04 06:57:03 FINE adx.AdxManager|tau.tac.adx.messages.CampaignNotification@7eec835f
05/04 06:57:03 INFO agents.DemandAgent|allocating initial campaigns
05/04 06:57:03 FINE adx.AdxManager|tau.tac.adx.messages.CampaignNotification@648730b8
05/04 06:57:03 INFO agents.DemandAgent|allocating initial campaigns
05/04 06:57:03 FINE adx.AdxManager|tau.tac.adx.messages.CampaignNotification@b57b39f
05/04 06:57:03 INFO agents.DemandAgent|allocating initial campaigns
05/04 06:57:03 FINE adx.AdxManager|tau.tac.adx.messages.CampaignNotification@24aa10fc
05/04 06:57:03 INFO agents.DemandAgent|Notifying new campaign opportunity..
05/04 06:57:03 INFO sim.Simulation|***** START OF TIME 0 COMPLETE *****
05/04 06:57:03 FINE agents.DummyAdNetwork|class edu.umich.eecs.tac.props.BankStatus
05/04 06:57:03 FINE agents.DummyAdNetwork|class edu.umich.eecs.tac.props.BankStatus
05/04 06:57:03 FINE agents.DummyAdNetwork|class edu.umich.eecs.tac.props.BankStatus
05/04 06:57:03 FINE agents.DummyAdNetwork|class edu.umich.eecs.tac.props.BankStatus
05/04 06:57:03 FINE agents.DummyAdNetwork|class edu.umich.eecs.tac.props.BankStatus
05/04 06:57:03 FINE agents.DummyAdNetwork|class edu.umich.eecs.tac.props.BankStatus
05/04 06:57:03 FINE agents.DummyAdNetwork|class edu.umich.eecs.tac.props.BankStatus
05/04 06:57:03 FINE agents.DummyAdNetwork|class edu.umich.eecs.tac.props.BankStatus
05/04 06:57:03 FINE agents.DummyAdNetwork|class tau.tac.adx.report.demand.InitialCampaignMessage
05/04 06:57:03 INFO agents.DummyAdNetwork|tau.tac.adx.report.demand.InitialCampaignMessage[834496157,1250,1,5,OLD_HIGH_INCOME,2.0,1.5,demand,[]]
05/04 06:57:03 FINE agents.DummyAdNetwork|class tau.tac.adx.report.demand.InitialCampaignMessage
05/04 06:57:03 INFO agents.DummyAdNetwork|tau.tac.adx.report.demand.InitialCampaignMessage[750556787,1250,1,5,OLD_HIGH_INCOME,2.0,1.5,demand,[]]
05/04 06:57:03 FINE agents.DummyAdNetwork|class tau.tac.adx.report.demand.InitialCampaignMessage
05/04 06:57:03 INFO agents.DummyAdNetwork|tau.tac.adx.report.demand.InitialCampaignMessage[1369711350,1250,1,5,FEMALE_YOUNG,2.0,1.5,demand,[]]
05/04 06:57:03 FINE agents.DummyAdNetwork|class tau.tac.adx.report.demand.InitialCampaignMessage
05/04 06:57:03 INFO agents.DummyAdNetwork|tau.tac.adx.report.demand.InitialCampaignMessage[802278903,1250,1,5,OLD_HIGH_INCOME,2.0,1.5,demand,[]]
05/04 06:57:03 FINE agents.DummyAdNetwork|class tau.tac.adx.report.demand.InitialCampaignMessage
05/04 06:57:03 INFO agents.DummyAdNetwork|tau.tac.adx.report.demand.InitialCampaignMessage[804331023,1250,1,5,FEMALE_HIGH_INCOME,2.0,1.5,demand,[]]
05/04 06:57:03 FINE agents.DummyAdNetwork|class tau.tac.adx.report.demand.InitialCampaignMessage
05/04 06:57:03 INFO agents.DummyAdNetwork|tau.tac.adx.report.demand.InitialCampaignMessage[1503990546,1250,1,5,OLD_LOW_INCOME,2.0,1.5,demand,[]]
05/04 06:57:03 FINE agents.DummyAdNetwork|class tau.tac.adx.report.demand.InitialCampaignMessage
05/04 06:57:03 INFO agents.DummyAdNetwork|tau.tac.adx.report.demand.InitialCampaignMessage[1737470871,1250,1,5,OLD_HIGH_INCOME,2.0,1.5,demand,[]]
05/04 06:57:03 FINE agents.DummyAdNetwork|class tau.tac.adx.report.demand.InitialCampaignMessage
05/04 06:57:03 INFO agents.DummyAdNetwork|tau.tac.adx.report.demand.InitialCampaignMessage[718377354,1250,1,5,OLD_LOW_INCOME,2.0,1.5,demand,[]]
05/04 06:57:03 FINE agents.DummyAdNetwork|class tau.tac.adx.report.demand.CampaignOpportunityMessage
05/04 06:57:03 FINE agents.DummyAdNetwork|sent campaign bid
05/04 06:57:03 FINE agents.DummyAdNetwork|class tau.tac.adx.report.demand.CampaignOpportunityMessage
05/04 06:57:03 FINE agents.DummyAdNetwork|sent campaign bid
05/04 06:57:03 FINE agents.DummyAdNetwork|class tau.tac.adx.report.demand.CampaignOpportunityMessage
05/04 06:57:03 FINE agents.DummyAdNetwork|sent campaign bid
05/04 06:57:03 FINE agents.DummyAdNetwork|class tau.tac.adx.report.demand.CampaignOpportunityMessage
05/04 06:57:03 FINE agents.DummyAdNetwork|sent campaign bid
05/04 06:57:03 FINE agents.DummyAdNetwork|class tau.tac.adx.report.demand.CampaignOpportunityMessage
05/04 06:57:03 FINE agents.DummyAdNetwork|sent campaign bid
05/04 06:57:03 FINE agents.DummyAdNetwork|class tau.tac.adx.report.demand.CampaignOpportunityMessage
05/04 06:57:03 FINE agents.DummyAdNetwork|sent campaign bid
05/04 06:57:03 FINE agents.DummyAdNetwork|class tau.tac.adx.report.demand.CampaignOpportunityMessage
05/04 06:57:03 FINE agents.DummyAdNetwork|sent campaign bid
05/04 06:57:03 FINE agents.DummyAdNetwork|class tau.tac.adx.report.demand.CampaignOpportunityMessage
05/04 06:57:03 FINE agents.DummyAdNetwork|sent campaign bid
05/04 06:57:03 FINE agents.DummyAdNetwork|class se.sics.tasim.props.SimulationStatus
05/04 06:57:03 FINE agents.DummyAdNetwork|class se.sics.tasim.props.SimulationStatus
05/04 06:57:03 FINE agents.DummyAdNetwork|class se.sics.tasim.props.SimulationStatus
05/04 06:57:03 FINE agents.DummyAdNetwork|class se.sics.tasim.props.SimulationStatus
05/04 06:57:03 FINE agents.DummyAdNetwork|class se.sics.tasim.props.SimulationStatus
05/04 06:57:03 FINE agents.DummyAdNetwork|class se.sics.tasim.props.SimulationStatus
05/04 06:57:03 FINE agents.DummyAdNetwork|class se.sics.tasim.props.SimulationStatus
05/04 06:57:03 FINE agents.DummyAdNetwork|class se.sics.tasim.props.SimulationStatus
05/04 06:57:03 INFO agents.DemandAgent|Got message..
05/04 06:57:03 INFO agents.DemandAgent|..AdNetBidMessage: tau.tac.adx.report.demand.AdNetBidMessage[81.0,1950702248,4994,]
05/04 06:57:03 INFO agents.DemandAgent|Got message..
05/04 06:57:03 INFO agents.DemandAgent|..AdNetBidMessage: tau.tac.adx.report.demand.AdNetBidMessage[89.0,1950702248,1056,]
