08/04 19:09:00 FINE sim.Admin|Log for simulation 26 started
************************************************************
* Log for simulation 26 started
************************************************************


08/04 19:09:00 INFO sim.TACAdxSimulation|TACAA Simulation 26 is setting up...
08/04 19:09:00 INFO sim.TACAdxSimulation|Created Adx Agent
08/04 19:09:00 INFO sim.TACAdxSimulation|Created Demand Agent
08/04 19:09:00 FINE generators.SimpleUserGenerator|Generated 10000 tau.tac.adx.users.AdxUsers
08/04 19:09:00 FINE sim.ExternalAgent|tau-1 setup with address adv1
08/04 19:09:00 FINE agents.DummyAdNetwork|dummy DummyAdnetwork simulationSetup
08/04 19:09:00 FINE agents.DummyAdNetwork|dummy DummyAdnetwork-2 simulationSetup
08/04 19:09:00 FINE agents.DummyAdNetwork|dummy DummyAdnetwork-3 simulationSetup
08/04 19:09:00 FINE agents.DummyAdNetwork|dummy DummyAdnetwork-4 simulationSetup
08/04 19:09:00 FINE agents.DummyAdNetwork|dummy DummyAdnetwork-5 simulationSetup
08/04 19:09:00 FINE agents.DummyAdNetwork|dummy DummyAdnetwork-6 simulationSetup
08/04 19:09:00 FINE agents.DummyAdNetwork|dummy DummyAdnetwork-7 simulationSetup
08/04 19:09:00 INFO publisher.AdxPublisherReportManagerImpl|AdxQueryReportManager created.
08/04 19:09:00 INFO adn.AdNetworkReportManagerImpl|AdxQueryReportManager created.
08/04 19:09:00 INFO agents.DemandAgent|setting up...
08/04 19:09:00 FINE agents.DemandAgent|Finished setup
