18/01 12:59:32 INFO file.FileDatabase|infodb: database opened as /specific/fprivate/ml/tomerg1/git/tac-adx/AdX/aa-server-10.1.0.0/infodb
18/01 12:59:32 INFO common.BlockingViewerServer|viewer server started at *:4042
18/01 10:59:32 INFO sim.Admin|adding manager for simulation type tac09aa
18/01 10:59:32 INFO server.TACTGateway|TACT Server started at *:6502
18/01 10:59:35 INFO sim.Admin|created simulation 106
18/01 11:00:00 FINE util.$Stopwatch|Module execution: 117ms
18/01 11:00:00 FINE util.$Stopwatch|Interceptors creation: 1ms
18/01 11:00:00 FINE util.$Stopwatch|TypeListeners creation: 2ms
18/01 11:00:00 FINE util.$Stopwatch|Scopes creation: 3ms
18/01 11:00:00 FINE util.$Stopwatch|Converters creation: 0ms
18/01 11:00:00 FINE util.$Stopwatch|Binding creation: 9ms
18/01 11:00:00 FINE util.$Stopwatch|Private environment creation: 0ms
18/01 11:00:00 FINE util.$Stopwatch|Injector construction: 0ms
18/01 11:00:00 FINE util.$Stopwatch|Binding initialization: 0ms
18/01 11:00:00 FINE util.$Stopwatch|Binding indexing: 1ms
18/01 11:00:00 FINE util.$Stopwatch|Collecting injection requests: 0ms
18/01 11:00:00 FINE internal.BytecodeGen|Loading class tau.tac.adx.props.generators.SimpleAdxQueryGenerator FastClass with sun.misc.Launcher$AppClassLoader@138d107f
18/01 11:00:00 FINE internal.BytecodeGen|Loading class tau.tac.adx.users.generators.SimpleUserGenerator FastClass with sun.misc.Launcher$AppClassLoader@138d107f
18/01 11:00:00 FINE internal.BytecodeGen|Loading class tau.tac.adx.publishers.generators.SimplePublisherGenerator FastClass with sun.misc.Launcher$AppClassLoader@138d107f
18/01 11:00:00 FINE internal.BytecodeGen|Loading class tau.tac.adx.ads.properties.generators.SimpleAdTypeGenerator FastClass with sun.misc.Launcher$AppClassLoader@138d107f
18/01 11:00:00 FINE internal.BytecodeGen|Loading class tau.tac.adx.devices.generators.SimpleDeviceGenerator FastClass with sun.misc.Launcher$AppClassLoader@138d107f
18/01 11:00:00 FINE internal.BytecodeGen|Loading class com.google.common.eventbus.EventBus FastClass with sun.misc.Launcher$AppClassLoader@138d107f
18/01 11:00:00 FINE internal.BytecodeGen|Loading class tau.tac.adx.sim.SimpleAdxAuctioneer FastClass with sun.misc.Launcher$AppClassLoader@138d107f
18/01 11:00:00 FINE internal.BytecodeGen|Loading class tau.tac.adx.auction.manager.AdxBidManagerImpl FastClass with sun.misc.Launcher$AppClassLoader@138d107f
18/01 11:00:00 FINE internal.BytecodeGen|Loading class tau.tac.adx.auction.tracker.AdxSpendTrackerImpl FastClass with sun.misc.Launcher$AppClassLoader@138d107f
18/01 11:00:00 FINE internal.BytecodeGen|Loading class tau.tac.adx.auction.tracker.AdxBidTrackerImpl FastClass with sun.misc.Launcher$AppClassLoader@138d107f
18/01 11:00:00 FINE internal.BytecodeGen|Loading class tau.tac.adx.auction.SimpleAuctionManager FastClass with sun.misc.Launcher$AppClassLoader@138d107f
18/01 11:00:00 FINE util.$Stopwatch|Binding validation: 114ms
18/01 11:00:00 FINE util.$Stopwatch|Static validation: 0ms
18/01 11:00:00 FINE util.$Stopwatch|Instance member validation: 0ms
18/01 11:00:00 FINE util.$Stopwatch|Provider verification: 1ms
18/01 11:00:00 FINE util.$Stopwatch|Static member injection: 0ms
18/01 11:00:00 FINE util.$Stopwatch|Instance injection: 0ms
18/01 11:00:00 FINE util.$Stopwatch|Preloading singletons: 2ms
18/01 11:00:00 FINE sim.Admin|Entering log for simulation 103
************************************************************
* Entering log for simulation 103
************************************************************


18/01 11:10:00 INFO global|SIMULATIONAGENT Dummy-6 (Dummy-6,-7) IS BEING GARBAGED
18/01 11:10:00 INFO global|SIMULATIONAGENT DummyAdnetwork-8 (DummyAdnetwork-8,-17) IS BEING GARBAGED
18/01 11:10:00 INFO global|SIMULATIONAGENT DummyAdnetwork-7 (DummyAdnetwork-7,-16) IS BEING GARBAGED
18/01 11:10:00 INFO global|SIMULATIONAGENT DummyAdnetwork-6 (DummyAdnetwork-6,-15) IS BEING GARBAGED
18/01 11:10:00 INFO global|SIMULATIONAGENT DummyAdnetwork-5 (DummyAdnetwork-5,-14) IS BEING GARBAGED
18/01 11:10:00 INFO global|SIMULATIONAGENT DummyAdnetwork-4 (DummyAdnetwork-4,-13) IS BEING GARBAGED
18/01 11:10:00 INFO global|SIMULATIONAGENT DummyAdnetwork-3 (DummyAdnetwork-3,-12) IS BEING GARBAGED
18/01 11:10:00 INFO global|SIMULATIONAGENT DummyAdnetwork-2 (DummyAdnetwork-2,-11) IS BEING GARBAGED
18/01 11:10:00 INFO global|SIMULATIONAGENT DummyAdnetwork (DummyAdnetwork,-10) IS BEING GARBAGED
18/01 11:10:00 INFO global|SIMULATIONAGENT Dummy-8 (Dummy-8,-9) IS BEING GARBAGED
18/01 11:10:00 INFO global|SIMULATIONAGENT Dummy-7 (Dummy-7,-8) IS BEING GARBAGED
18/01 11:10:00 INFO global|SIMULATIONAGENT Dummy-5 (Dummy-5,-6) IS BEING GARBAGED
18/01 11:10:00 INFO global|SIMULATIONAGENT Dummy-4 (Dummy-4,-5) IS BEING GARBAGED
18/01 11:10:00 INFO global|SIMULATIONAGENT Dummy-3 (Dummy-3,-4) IS BEING GARBAGED
18/01 11:10:00 INFO global|SIMULATIONAGENT Dummy-2 (Dummy-2,-3) IS BEING GARBAGED
18/01 11:10:00 INFO global|SIMULATIONAGENT Dummy (Dummy,-2) IS BEING GARBAGED
18/01 11:10:00 INFO global|SIMULATIONAGENT publisher (publisher,-1) IS BEING GARBAGED
18/01 11:10:00 INFO global|PUBLISHER publisher IS BEING GARBAGED
18/01 11:10:00 INFO global|SIMULATIONAGENT users (users,-1) IS BEING GARBAGED
18/01 11:10:00 INFO global|USER users IS BEING GARBAGED
18/01 11:10:01 SEVERE common.SimServer|could not generate results for simulation 103
java.io.IOException: could not parse simulation log 103
	at edu.umich.eecs.tac.is.TACAAResultManager.generateResult(TACAAResultManager.java:47)
	at se.sics.tasim.is.common.ResultManager.generateResult(ResultManager.java:62)
	at se.sics.tasim.is.common.SimServer.generateResults(SimServer.java:2459)
	at se.sics.tasim.is.common.SimServer.generateResults(SimServer.java:2395)
	at se.sics.tasim.is.common.SimulationArchiver.generateResults(SimulationArchiver.java:89)
	at se.sics.tasim.is.common.SimulationArchiver.run(SimulationArchiver.java:80)
	at java.lang.Thread.run(Thread.java:662)
Caused by: java.text.ParseException: no node named InitialCampaign in context aacontext
	at se.sics.isl.transport.TransportReader.getTransportableClass(TransportReader.java:71)
	at se.sics.isl.transport.TransportReader.readTransportable(TransportReader.java:53)
	at edu.umich.eecs.tac.Parser.handleNodes(Parser.java:169)
	at edu.umich.eecs.tac.Parser.start(Parser.java:91)
	at edu.umich.eecs.tac.TACAASimulationInfo.<init>(TACAASimulationInfo.java:106)
	at edu.umich.eecs.tac.is.TACAAResultManager.generateResult(TACAAResultManager.java:45)
	... 6 more
