18/01 08:35:00 FINE sim.Admin|Log for simulation 86 started
************************************************************
* Log for simulation 86 started
************************************************************


18/01 08:35:00 INFO sim.TACAdxSimulation|TACAA Simulation 86 is setting up...
18/01 08:35:00 INFO sim.TACAdxSimulation|Created Adx Agent
18/01 08:35:00 INFO sim.TACAdxSimulation|Created Demand Agent
18/01 08:35:00 INFO sim.TACAdxSimulation|Created 1 users
18/01 08:35:00 INFO sim.TACAdxSimulation|Created 1 publishers
18/01 08:35:00 FINE generators.SimpleUserGenerator|Generated 10000 tau.tac.adx.users.AdxUsers
18/01 08:35:00 FINE DummyAdvertiser.Dummy|dummy Dummy simulationSetup
18/01 08:35:00 FINE DummyAdvertiser.Dummy-2|dummy Dummy-2 simulationSetup
18/01 08:35:00 FINE DummyAdvertiser.Dummy-3|dummy Dummy-3 simulationSetup
18/01 08:35:00 FINE DummyAdvertiser.Dummy-4|dummy Dummy-4 simulationSetup
18/01 08:35:00 FINE DummyAdvertiser.Dummy-5|dummy Dummy-5 simulationSetup
18/01 08:35:00 FINE DummyAdvertiser.Dummy-6|dummy Dummy-6 simulationSetup
18/01 08:35:00 FINE DummyAdvertiser.Dummy-7|dummy Dummy-7 simulationSetup
18/01 08:35:00 FINE DummyAdvertiser.Dummy-8|dummy Dummy-8 simulationSetup
18/01 08:35:00 FINE global|dummy DummyAdnetwork simulationSetup
18/01 08:35:00 FINE global|dummy DummyAdnetwork-2 simulationSetup
18/01 08:35:00 FINE global|dummy DummyAdnetwork-3 simulationSetup
18/01 08:35:00 FINE global|dummy DummyAdnetwork-4 simulationSetup
18/01 08:35:00 FINE global|dummy DummyAdnetwork-5 simulationSetup
18/01 08:35:00 FINE global|dummy DummyAdnetwork-6 simulationSetup
18/01 08:35:00 FINE global|dummy DummyAdnetwork-7 simulationSetup
18/01 08:35:00 FINE global|dummy DummyAdnetwork-8 simulationSetup
18/01 08:35:00 INFO sim.TACAdxSimulation|Using random capacity assigments
18/01 08:35:00 INFO auction.QueryReportManagerImpl|QueryReportManager reset
18/01 08:35:00 INFO publisher.AdxPublisherReportManagerImpl|AdxQueryReportManager created.
18/01 08:35:00 INFO adn.AdNetworkReportManagerImpl|AdxQueryReportManager created.
18/01 08:35:00 INFO agents.DemandAgent|setting up...
18/01 08:35:00 INFO agents.DemandAgent|allocating initial campaigns
18/01 08:35:00 INFO agents.DemandAgent|allocating initial campaigns
18/01 08:35:00 INFO agents.DemandAgent|allocating initial campaigns
18/01 08:35:00 INFO agents.DemandAgent|allocating initial campaigns
18/01 08:35:00 INFO agents.DemandAgent|allocating initial campaigns
18/01 08:35:00 INFO agents.DemandAgent|allocating initial campaigns
18/01 08:35:00 INFO agents.DemandAgent|allocating initial campaigns
18/01 08:35:00 INFO agents.DemandAgent|allocating initial campaigns
18/01 08:35:00 FINE agents.DemandAgent|Finished setup
18/01 08:35:00 INFO sim.Simulation|***** START OF TIME 0 *****
18/01 08:35:02 INFO agents.DemandAgent|new day 0 . Auction pending campaign
18/01 08:35:02 INFO agents.DemandAgent|Auction user classification service
18/01 08:35:02 INFO agents.DemandAgent|Reporting auction results...
18/01 08:35:02 INFO agents.DemandAgent|Notifying new campaign opportunity..
18/01 08:35:02 INFO sim.Simulation|***** START OF TIME 0 COMPLETE *****
18/01 08:35:10 INFO sim.Simulation|***** START OF TIME 1 *****
18/01 08:35:10 INFO agents.DemandAgent|new day 1 . Auction pending campaign
18/01 08:35:10 INFO agents.DemandAgent|Auction user classification service
18/01 08:35:10 INFO agents.DemandAgent|Reporting auction results...
18/01 08:35:10 INFO agents.DemandAgent|Notifying new campaign opportunity..
18/01 08:35:10 INFO sim.Simulation|***** START OF TIME 1 COMPLETE *****
18/01 08:35:20 INFO sim.Simulation|***** START OF TIME 2 *****
18/01 08:35:20 INFO agents.DemandAgent|new day 2 . Auction pending campaign
18/01 08:35:20 INFO agents.DemandAgent|Auction user classification service
18/01 08:35:20 INFO agents.DemandAgent|Reporting auction results...
18/01 08:35:20 INFO agents.DemandAgent|Notifying new campaign opportunity..
18/01 08:35:20 INFO sim.Simulation|***** START OF TIME 2 COMPLETE *****
18/01 08:35:30 INFO sim.Simulation|***** START OF TIME 3 *****
18/01 08:35:30 INFO agents.DemandAgent|new day 3 . Auction pending campaign
18/01 08:35:30 INFO agents.DemandAgent|Auction user classification service
18/01 08:35:30 INFO agents.DemandAgent|Reporting auction results...
18/01 08:35:30 INFO agents.DemandAgent|Notifying new campaign opportunity..
18/01 08:35:30 INFO sim.Simulation|***** START OF TIME 3 COMPLETE *****
18/01 08:35:40 INFO sim.Simulation|***** START OF TIME 4 *****
18/01 08:35:40 INFO agents.DemandAgent|new day 4 . Auction pending campaign
18/01 08:35:40 INFO agents.DemandAgent|Auction user classification service
18/01 08:35:40 INFO agents.DemandAgent|Reporting auction results...
18/01 08:35:40 INFO agents.DemandAgent|Notifying new campaign opportunity..
18/01 08:35:40 INFO sim.Simulation|***** START OF TIME 4 COMPLETE *****
18/01 08:35:50 INFO sim.Simulation|***** START OF TIME 5 *****
18/01 08:35:51 INFO agents.DemandAgent|new day 5 . Auction pending campaign
18/01 08:35:51 INFO agents.DemandAgent|Auction user classification service
18/01 08:35:51 INFO agents.DemandAgent|Reporting auction results...
18/01 08:35:51 INFO agents.DemandAgent|Notifying new campaign opportunity..
18/01 08:35:51 INFO sim.Simulation|***** START OF TIME 5 COMPLETE *****
18/01 08:36:00 INFO sim.Simulation|***** START OF TIME 6 *****
18/01 08:36:00 INFO agents.DemandAgent|new day 6 . Auction pending campaign
18/01 08:36:00 INFO agents.DemandAgent|Auction user classification service
18/01 08:36:00 INFO agents.DemandAgent|Reporting auction results...
18/01 08:36:00 INFO agents.DemandAgent|Notifying new campaign opportunity..
18/01 08:36:00 INFO sim.Simulation|***** START OF TIME 6 COMPLETE *****
18/01 08:36:10 INFO sim.Simulation|***** START OF TIME 7 *****
18/01 08:36:10 INFO agents.DemandAgent|new day 7 . Auction pending campaign
18/01 08:36:10 INFO agents.DemandAgent|Auction user classification service
18/01 08:36:10 INFO agents.DemandAgent|Reporting auction results...
18/01 08:36:10 INFO agents.DemandAgent|Notifying new campaign opportunity..
18/01 08:36:10 INFO sim.Simulation|***** START OF TIME 7 COMPLETE *****
18/01 08:36:20 INFO sim.Simulation|***** START OF TIME 8 *****
18/01 08:36:20 INFO agents.DemandAgent|new day 8 . Auction pending campaign
18/01 08:36:20 INFO agents.DemandAgent|Auction user classification service
18/01 08:36:20 INFO agents.DemandAgent|Reporting auction results...
18/01 08:36:20 INFO agents.DemandAgent|Notifying new campaign opportunity..
18/01 08:36:20 INFO sim.Simulation|***** START OF TIME 8 COMPLETE *****
18/01 08:36:30 INFO sim.Simulation|***** START OF TIME 9 *****
18/01 08:36:30 INFO agents.DemandAgent|new day 9 . Auction pending campaign
18/01 08:36:30 INFO agents.DemandAgent|Auction user classification service
18/01 08:36:30 INFO agents.DemandAgent|Reporting auction results...
18/01 08:36:30 INFO agents.DemandAgent|Notifying new campaign opportunity..
18/01 08:36:30 INFO sim.Simulation|***** START OF TIME 9 COMPLETE *****
18/01 08:36:40 INFO sim.Simulation|***** START OF TIME 10 *****
18/01 08:36:40 INFO agents.DemandAgent|new day 10 . Auction pending campaign
18/01 08:36:40 INFO agents.DemandAgent|Auction user classification service
18/01 08:36:40 INFO agents.DemandAgent|Reporting auction results...
18/01 08:36:40 INFO agents.DemandAgent|Notifying new campaign opportunity..
18/01 08:36:40 INFO sim.Simulation|***** START OF TIME 10 COMPLETE *****
18/01 08:36:50 INFO sim.Simulation|***** START OF TIME 11 *****
18/01 08:36:50 INFO agents.DemandAgent|new day 11 . Auction pending campaign
18/01 08:36:50 INFO agents.DemandAgent|Auction user classification service
18/01 08:36:50 INFO agents.DemandAgent|Reporting auction results...
18/01 08:36:50 INFO agents.DemandAgent|Notifying new campaign opportunity..
18/01 08:36:50 INFO sim.Simulation|***** START OF TIME 11 COMPLETE *****
18/01 08:37:00 INFO sim.Simulation|***** START OF TIME 12 *****
18/01 08:37:00 INFO agents.DemandAgent|new day 12 . Auction pending campaign
18/01 08:37:00 INFO agents.DemandAgent|Auction user classification service
18/01 08:37:00 INFO agents.DemandAgent|Reporting auction results...
18/01 08:37:00 INFO agents.DemandAgent|Notifying new campaign opportunity..
18/01 08:37:00 INFO sim.Simulation|***** START OF TIME 12 COMPLETE *****
