18/01 10:02:00 FINE sim.Admin|Log for simulation 92 started
************************************************************
* Log for simulation 92 started
************************************************************


18/01 10:02:00 INFO sim.TACAdxSimulation|TACAA Simulation 92 is setting up...
18/01 10:02:00 INFO sim.TACAdxSimulation|Created Adx Agent
18/01 10:02:00 INFO sim.TACAdxSimulation|Created Demand Agent
18/01 10:02:00 INFO sim.TACAdxSimulation|Created 1 users
18/01 10:02:00 INFO sim.TACAdxSimulation|Created 1 publishers
18/01 10:02:00 FINE generators.SimpleUserGenerator|Generated 10000 tau.tac.adx.users.AdxUsers
18/01 10:02:00 FINE DummyAdvertiser.Dummy|dummy Dummy simulationSetup
18/01 10:02:00 FINE DummyAdvertiser.Dummy-2|dummy Dummy-2 simulationSetup
18/01 10:02:00 FINE DummyAdvertiser.Dummy-3|dummy Dummy-3 simulationSetup
18/01 10:02:00 FINE DummyAdvertiser.Dummy-4|dummy Dummy-4 simulationSetup
18/01 10:02:00 FINE DummyAdvertiser.Dummy-5|dummy Dummy-5 simulationSetup
18/01 10:02:00 FINE DummyAdvertiser.Dummy-6|dummy Dummy-6 simulationSetup
18/01 10:02:00 FINE DummyAdvertiser.Dummy-7|dummy Dummy-7 simulationSetup
18/01 10:02:00 FINE DummyAdvertiser.Dummy-8|dummy Dummy-8 simulationSetup
18/01 10:02:00 FINE agents.DummyAdNetwork|dummy DummyAdnetwork simulationSetup
18/01 10:02:00 FINE agents.DummyAdNetwork|dummy DummyAdnetwork-2 simulationSetup
18/01 10:02:00 FINE agents.DummyAdNetwork|dummy DummyAdnetwork-3 simulationSetup
18/01 10:02:00 FINE agents.DummyAdNetwork|dummy DummyAdnetwork-4 simulationSetup
18/01 10:02:00 FINE agents.DummyAdNetwork|dummy DummyAdnetwork-5 simulationSetup
18/01 10:02:00 FINE agents.DummyAdNetwork|dummy DummyAdnetwork-6 simulationSetup
18/01 10:02:00 FINE agents.DummyAdNetwork|dummy DummyAdnetwork-7 simulationSetup
18/01 10:02:00 FINE agents.DummyAdNetwork|dummy DummyAdnetwork-8 simulationSetup
18/01 10:02:01 INFO sim.TACAdxSimulation|Using random capacity assigments
18/01 10:02:01 INFO auction.QueryReportManagerImpl|QueryReportManager reset
18/01 10:02:01 INFO publisher.AdxPublisherReportManagerImpl|AdxQueryReportManager created.
18/01 10:02:01 INFO adn.AdNetworkReportManagerImpl|AdxQueryReportManager created.
18/01 10:02:01 INFO agents.DemandAgent|setting up...
18/01 10:02:01 INFO agents.DemandAgent|allocating initial campaigns
18/01 10:02:52 FINE adx.AdxManager|tau.tac.adx.messages.CampaignNotification@6e2c03ff
18/01 10:02:56 INFO agents.DemandAgent|allocating initial campaigns
18/01 10:06:08 FINE adx.AdxManager|tau.tac.adx.messages.CampaignNotification@3d057305
18/01 10:06:08 INFO agents.DemandAgent|allocating initial campaigns
18/01 10:06:12 FINE adx.AdxManager|tau.tac.adx.messages.CampaignNotification@665c1eae
18/01 10:06:12 INFO agents.DemandAgent|allocating initial campaigns
18/01 10:06:12 FINE adx.AdxManager|tau.tac.adx.messages.CampaignNotification@111edceb
18/01 10:06:12 INFO agents.DemandAgent|allocating initial campaigns
18/01 10:06:13 FINE adx.AdxManager|tau.tac.adx.messages.CampaignNotification@7b4189d0
18/01 10:06:13 INFO agents.DemandAgent|allocating initial campaigns
18/01 10:06:29 FINE adx.AdxManager|tau.tac.adx.messages.CampaignNotification@48c378f6
18/01 10:06:29 INFO agents.DemandAgent|allocating initial campaigns
18/01 10:06:32 FINE adx.AdxManager|tau.tac.adx.messages.CampaignNotification@22343bb6
18/01 10:06:32 INFO agents.DemandAgent|allocating initial campaigns
18/01 10:06:32 FINE adx.AdxManager|tau.tac.adx.messages.CampaignNotification@575738e0
18/01 10:06:32 FINE agents.DemandAgent|Finished setup
18/01 10:07:00 INFO sim.Simulation|***** START OF TIME 0 *****
18/01 10:07:00 INFO agents.DemandAgent|new day 0 . Auction pending campaign
18/01 10:07:00 INFO agents.DemandAgent|Auction user classification service
18/01 10:07:00 INFO agents.DemandAgent|Reporting auction results...
18/01 10:07:00 INFO agents.DemandAgent|Notifying new campaign opportunity..
18/01 10:07:00 INFO sim.Simulation|***** START OF TIME 0 COMPLETE *****
18/01 10:07:00 INFO sim.Simulation|***** START OF TIME 1 *****
18/01 10:07:01 INFO agents.DemandAgent|new day 1 . Auction pending campaign
18/01 10:07:01 INFO agents.DemandAgent|Auction user classification service
18/01 10:07:01 INFO agents.DemandAgent|Reporting auction results...
18/01 10:07:01 INFO agents.DemandAgent|Notifying new campaign opportunity..
18/01 10:07:01 INFO sim.Simulation|***** START OF TIME 1 COMPLETE *****
18/01 10:07:01 INFO sim.Simulation|***** START OF TIME 2 *****
18/01 10:07:02 INFO agents.DemandAgent|new day 2 . Auction pending campaign
18/01 10:07:02 INFO agents.DemandAgent|Auction user classification service
18/01 10:07:02 INFO agents.DemandAgent|Reporting auction results...
18/01 10:07:02 INFO agents.DemandAgent|Notifying new campaign opportunity..
18/01 10:07:02 INFO sim.Simulation|***** START OF TIME 2 COMPLETE *****
18/01 10:07:02 INFO sim.Simulation|***** START OF TIME 3 *****
