18/01 08:19:00 FINE sim.Admin|Log for simulation 80 started
************************************************************
* Log for simulation 80 started
************************************************************


18/01 08:19:00 INFO sim.TACAdxSimulation|TACAA Simulation 80 is setting up...
18/01 08:19:00 INFO sim.TACAdxSimulation|Created Adx Agent
18/01 08:19:00 INFO sim.TACAdxSimulation|Created Demand Agent
18/01 08:19:00 INFO sim.TACAdxSimulation|Created 1 users
18/01 08:19:00 INFO sim.TACAdxSimulation|Created 1 publishers
18/01 08:19:00 FINE generators.SimpleUserGenerator|Generated 10000 tau.tac.adx.users.AdxUsers
18/01 08:19:00 FINE DummyAdvertiser.Dummy|dummy Dummy simulationSetup
18/01 08:19:00 FINE DummyAdvertiser.Dummy-2|dummy Dummy-2 simulationSetup
18/01 08:19:00 FINE DummyAdvertiser.Dummy-3|dummy Dummy-3 simulationSetup
18/01 08:19:00 FINE DummyAdvertiser.Dummy-4|dummy Dummy-4 simulationSetup
18/01 08:19:00 FINE DummyAdvertiser.Dummy-5|dummy Dummy-5 simulationSetup
18/01 08:19:00 FINE DummyAdvertiser.Dummy-6|dummy Dummy-6 simulationSetup
18/01 08:19:00 FINE DummyAdvertiser.Dummy-7|dummy Dummy-7 simulationSetup
18/01 08:19:00 FINE DummyAdvertiser.Dummy-8|dummy Dummy-8 simulationSetup
18/01 08:19:00 FINE sim.Admin|Simulation log complete
************************************************************
* Simulation log complete
************************************************************


