24/12 14:10:00 FINE sim.Admin|Log for simulation 39 started
************************************************************
* Log for simulation 39 started
************************************************************


24/12 14:10:00 INFO sim.TACAASimulation|TACAA Simulation 39 is setting up...
24/12 14:10:00 INFO sim.TACAASimulation|Created 1 users
24/12 14:10:00 INFO sim.TACAASimulation|Created 1 publishers
24/12 14:10:00 INFO sim.TACAASimulation|Created 1 adx users
24/12 14:10:00 FINE generators.SimpleUserGenerator|Generated 2 tau.tac.adx.users.AdxUsers
24/12 14:10:00 FINE DummyAdvertiser.Dummy|dummy Dummy simulationSetup
24/12 14:10:00 FINE DummyAdvertiser.Dummy-2|dummy Dummy-2 simulationSetup
24/12 14:10:00 FINE DummyAdvertiser.Dummy-3|dummy Dummy-3 simulationSetup
24/12 14:10:00 FINE DummyAdvertiser.Dummy-4|dummy Dummy-4 simulationSetup
24/12 14:10:00 FINE DummyAdvertiser.Dummy-5|dummy Dummy-5 simulationSetup
24/12 14:10:00 FINE DummyAdvertiser.Dummy-6|dummy Dummy-6 simulationSetup
24/12 14:10:00 FINE DummyAdvertiser.Dummy-7|dummy Dummy-7 simulationSetup
24/12 14:10:00 FINE DummyAdvertiser.Dummy-8|dummy Dummy-8 simulationSetup
24/12 14:10:00 INFO sim.TACAASimulation|Using random capacity assigments
24/12 14:10:00 INFO auction.QueryReportManagerImpl|QueryReportManager reset
24/12 14:10:00 INFO sim.Simulation|***** START OF TIME 0 *****
24/12 14:10:00 INFO sim.Simulation|***** START OF TIME 0 COMPLETE *****
24/12 14:10:00 INFO sim.MessageDispatcher|Message dispatcher sim38 IS BEING GARBAGED
24/12 14:10:10 INFO sim.Simulation|***** START OF TIME 1 *****
24/12 14:10:10 INFO sim.Simulation|***** START OF TIME 1 COMPLETE *****
24/12 14:10:20 INFO sim.Simulation|***** START OF TIME 2 *****
24/12 14:10:20 INFO sim.Simulation|***** START OF TIME 2 COMPLETE *****
24/12 14:10:30 INFO sim.Simulation|***** START OF TIME 3 *****
24/12 14:10:30 INFO sim.Simulation|***** START OF TIME 3 COMPLETE *****
24/12 14:10:40 INFO sim.Simulation|***** START OF TIME 4 *****
24/12 14:10:40 INFO sim.Simulation|***** START OF TIME 4 COMPLETE *****
24/12 14:10:50 INFO sim.Simulation|***** START OF TIME 5 *****
24/12 14:10:50 INFO sim.Simulation|***** START OF TIME 5 COMPLETE *****
24/12 14:11:00 INFO sim.Simulation|***** START OF TIME 6 *****
24/12 14:11:00 INFO sim.Simulation|***** START OF TIME 6 COMPLETE *****
24/12 14:11:10 INFO sim.Simulation|***** START OF TIME 7 *****
24/12 14:11:10 INFO sim.Simulation|***** START OF TIME 7 COMPLETE *****
24/12 14:11:20 INFO sim.Simulation|***** START OF TIME 8 *****
24/12 14:11:20 INFO sim.Simulation|***** START OF TIME 8 COMPLETE *****
24/12 14:11:30 INFO sim.Simulation|***** START OF TIME 9 *****
24/12 14:11:30 INFO sim.Simulation|***** START OF TIME 9 COMPLETE *****
24/12 14:11:40 INFO sim.Simulation|***** START OF TIME 10 *****
24/12 14:11:40 INFO sim.Simulation|***** START OF TIME 10 COMPLETE *****
24/12 14:11:50 INFO sim.Simulation|***** START OF TIME 11 *****
24/12 14:11:50 INFO sim.Simulation|***** START OF TIME 11 COMPLETE *****
24/12 14:12:00 INFO sim.Simulation|***** START OF TIME 12 *****
24/12 14:12:00 INFO sim.Simulation|***** START OF TIME 12 COMPLETE *****
24/12 14:12:10 INFO sim.Simulation|***** START OF TIME 13 *****
24/12 14:12:10 INFO sim.Simulation|***** START OF TIME 13 COMPLETE *****
24/12 14:12:20 INFO sim.Simulation|***** START OF TIME 14 *****
24/12 14:12:20 INFO sim.Simulation|***** START OF TIME 14 COMPLETE *****
24/12 14:12:30 INFO sim.Simulation|***** START OF TIME 15 *****
24/12 14:12:30 INFO sim.Simulation|***** START OF TIME 15 COMPLETE *****
24/12 14:12:40 INFO sim.Simulation|***** START OF TIME 16 *****
24/12 14:12:40 INFO sim.Simulation|***** START OF TIME 16 COMPLETE *****
24/12 14:12:50 INFO sim.Simulation|***** START OF TIME 17 *****
24/12 14:12:50 INFO sim.Simulation|***** START OF TIME 17 COMPLETE *****
24/12 14:13:00 INFO sim.Simulation|***** START OF TIME 18 *****
24/12 14:13:00 INFO sim.Simulation|***** START OF TIME 18 COMPLETE *****
24/12 14:13:10 INFO sim.Simulation|***** START OF TIME 19 *****
24/12 14:13:10 INFO sim.Simulation|***** START OF TIME 19 COMPLETE *****
24/12 14:13:20 INFO sim.Simulation|***** START OF TIME 20 *****
24/12 14:13:20 INFO sim.Simulation|***** START OF TIME 20 COMPLETE *****
24/12 14:13:30 INFO sim.Simulation|***** START OF TIME 21 *****
24/12 14:13:30 INFO sim.Simulation|***** START OF TIME 21 COMPLETE *****
24/12 14:13:40 INFO sim.Simulation|***** START OF TIME 22 *****
24/12 14:13:40 INFO sim.Simulation|***** START OF TIME 22 COMPLETE *****
24/12 14:13:50 INFO sim.Simulation|***** START OF TIME 23 *****
24/12 14:13:50 INFO sim.Simulation|***** START OF TIME 23 COMPLETE *****
24/12 14:14:00 INFO sim.Simulation|***** START OF TIME 24 *****
24/12 14:14:00 INFO sim.Simulation|***** START OF TIME 24 COMPLETE *****
24/12 14:14:10 INFO sim.Simulation|***** START OF TIME 25 *****
24/12 14:14:10 INFO sim.Simulation|***** START OF TIME 25 COMPLETE *****
24/12 14:14:20 INFO sim.Simulation|***** START OF TIME 26 *****
24/12 14:14:20 INFO sim.Simulation|***** START OF TIME 26 COMPLETE *****
24/12 14:14:30 INFO sim.Simulation|***** START OF TIME 27 *****
24/12 14:14:30 INFO sim.Simulation|***** START OF TIME 27 COMPLETE *****
24/12 14:14:40 INFO sim.Simulation|***** START OF TIME 28 *****
24/12 14:14:40 INFO sim.Simulation|***** START OF TIME 28 COMPLETE *****
24/12 14:14:50 INFO sim.Simulation|***** START OF TIME 29 *****
24/12 14:14:50 INFO sim.Simulation|***** START OF TIME 29 COMPLETE *****
24/12 14:15:00 INFO sim.Simulation|***** START OF TIME 30 *****
24/12 14:15:00 INFO sim.Simulation|***** START OF TIME 30 COMPLETE *****
24/12 14:15:10 INFO sim.Simulation|***** START OF TIME 31 *****
24/12 14:15:10 INFO sim.Simulation|***** START OF TIME 31 COMPLETE *****
24/12 14:15:20 INFO sim.Simulation|***** START OF TIME 32 *****
24/12 14:15:20 INFO sim.Simulation|***** START OF TIME 32 COMPLETE *****
24/12 14:15:30 INFO sim.Simulation|***** START OF TIME 33 *****
24/12 14:15:30 INFO sim.Simulation|***** START OF TIME 33 COMPLETE *****
24/12 14:15:40 INFO sim.Simulation|***** START OF TIME 34 *****
24/12 14:15:40 INFO sim.Simulation|***** START OF TIME 34 COMPLETE *****
24/12 14:15:50 INFO sim.Simulation|***** START OF TIME 35 *****
24/12 14:15:50 INFO sim.Simulation|***** START OF TIME 35 COMPLETE *****
24/12 14:16:00 INFO sim.Simulation|***** START OF TIME 36 *****
24/12 14:16:00 INFO sim.Simulation|***** START OF TIME 36 COMPLETE *****
24/12 14:16:10 INFO sim.Simulation|***** START OF TIME 37 *****
24/12 14:16:10 INFO sim.Simulation|***** START OF TIME 37 COMPLETE *****
24/12 14:16:20 INFO sim.Simulation|***** START OF TIME 38 *****
24/12 14:16:20 INFO sim.Simulation|***** START OF TIME 38 COMPLETE *****
24/12 14:16:30 INFO sim.Simulation|***** START OF TIME 39 *****
24/12 14:16:30 INFO sim.Simulation|***** START OF TIME 39 COMPLETE *****
24/12 14:16:40 INFO sim.Simulation|***** START OF TIME 40 *****
24/12 14:16:40 INFO sim.Simulation|***** START OF TIME 40 COMPLETE *****
24/12 14:16:50 INFO sim.Simulation|***** START OF TIME 41 *****
24/12 14:16:50 INFO sim.Simulation|***** START OF TIME 41 COMPLETE *****
24/12 14:17:00 INFO sim.Simulation|***** START OF TIME 42 *****
24/12 14:17:00 INFO sim.Simulation|***** START OF TIME 42 COMPLETE *****
24/12 14:17:10 INFO sim.Simulation|***** START OF TIME 43 *****
24/12 14:17:10 INFO sim.Simulation|***** START OF TIME 43 COMPLETE *****
24/12 14:17:20 INFO sim.Simulation|***** START OF TIME 44 *****
24/12 14:17:20 INFO sim.Simulation|***** START OF TIME 44 COMPLETE *****
24/12 14:17:30 INFO sim.Simulation|***** START OF TIME 45 *****
24/12 14:17:30 INFO sim.Simulation|***** START OF TIME 45 COMPLETE *****
24/12 14:17:40 INFO sim.Simulation|***** START OF TIME 46 *****
24/12 14:17:40 INFO sim.Simulation|***** START OF TIME 46 COMPLETE *****
24/12 14:17:50 INFO sim.Simulation|***** START OF TIME 47 *****
24/12 14:17:50 INFO sim.Simulation|***** START OF TIME 47 COMPLETE *****
24/12 14:18:00 INFO sim.Simulation|***** START OF TIME 48 *****
24/12 14:18:00 INFO sim.Simulation|***** START OF TIME 48 COMPLETE *****
24/12 14:18:10 INFO sim.Simulation|***** START OF TIME 49 *****
24/12 14:18:10 INFO sim.Simulation|***** START OF TIME 49 COMPLETE *****
24/12 14:18:20 INFO sim.Simulation|***** START OF TIME 50 *****
24/12 14:18:20 INFO sim.Simulation|***** START OF TIME 50 COMPLETE *****
24/12 14:18:30 INFO sim.Simulation|***** START OF TIME 51 *****
24/12 14:18:30 INFO sim.Simulation|***** START OF TIME 51 COMPLETE *****
24/12 14:18:40 INFO sim.Simulation|***** START OF TIME 52 *****
24/12 14:18:40 INFO sim.Simulation|***** START OF TIME 52 COMPLETE *****
24/12 14:18:50 INFO sim.Simulation|***** START OF TIME 53 *****
24/12 14:18:50 INFO sim.Simulation|***** START OF TIME 53 COMPLETE *****
24/12 14:19:00 INFO sim.Simulation|***** START OF TIME 54 *****
24/12 14:19:00 INFO sim.Simulation|***** START OF TIME 54 COMPLETE *****
24/12 14:19:10 INFO sim.Simulation|***** START OF TIME 55 *****
24/12 14:19:10 INFO sim.Simulation|***** START OF TIME 55 COMPLETE *****
24/12 14:19:20 INFO sim.Simulation|***** START OF TIME 56 *****
24/12 14:19:20 INFO sim.Simulation|***** START OF TIME 56 COMPLETE *****
24/12 14:19:30 INFO sim.Simulation|***** START OF TIME 57 *****
24/12 14:19:30 INFO sim.Simulation|***** START OF TIME 57 COMPLETE *****
24/12 14:19:40 INFO sim.Simulation|***** START OF TIME 58 *****
24/12 14:19:40 INFO sim.Simulation|***** START OF TIME 58 COMPLETE *****
24/12 14:19:50 INFO sim.Simulation|***** START OF TIME 59 *****
24/12 14:19:50 INFO sim.Simulation|***** START OF TIME 59 COMPLETE *****
24/12 14:20:00 INFO sim.Simulation|***** START OF TIME 60 *****
24/12 14:20:00 FINE sim.Simulation|Simulation 39 is requested to stop
24/12 14:20:00 INFO sim.Simulation|***** START OF TIME 60 COMPLETE *****
24/12 14:20:00 FINE sim.Simulation|Simulation 39 is preparing to stop
24/12 14:20:00 FINE sim.Simulation|Simulation 39 is being stopped
24/12 14:20:00 FINE sim.Admin|Simulation log complete
************************************************************
* Simulation log complete
************************************************************


