18/01 07:43:00 FINE sim.Admin|Log for simulation 75 started
************************************************************
* Log for simulation 75 started
************************************************************


18/01 07:43:00 INFO sim.TACAdxSimulation|TACAA Simulation 75 is setting up...
18/01 07:43:00 INFO sim.TACAdxSimulation|Created Adx Agent
18/01 07:43:00 INFO sim.TACAdxSimulation|Created Demand Agent
18/01 07:43:00 INFO sim.TACAdxSimulation|Created 1 users
18/01 07:43:00 INFO sim.TACAdxSimulation|Created 1 publishers
18/01 07:43:00 FINE generators.SimpleUserGenerator|Generated 10000 tau.tac.adx.users.AdxUsers
18/01 07:43:00 FINE DummyAdvertiser.Dummy|dummy Dummy simulationSetup
18/01 07:43:00 FINE DummyAdvertiser.Dummy-2|dummy Dummy-2 simulationSetup
18/01 07:43:00 FINE DummyAdvertiser.Dummy-3|dummy Dummy-3 simulationSetup
18/01 07:43:00 FINE DummyAdvertiser.Dummy-4|dummy Dummy-4 simulationSetup
18/01 07:43:00 FINE DummyAdvertiser.Dummy-5|dummy Dummy-5 simulationSetup
18/01 07:43:00 FINE DummyAdvertiser.Dummy-6|dummy Dummy-6 simulationSetup
18/01 07:43:00 FINE DummyAdvertiser.Dummy-7|dummy Dummy-7 simulationSetup
18/01 07:43:00 FINE DummyAdvertiser.Dummy-8|dummy Dummy-8 simulationSetup
18/01 07:43:00 INFO sim.TACAdxSimulation|Using random capacity assigments
18/01 07:43:00 INFO auction.QueryReportManagerImpl|QueryReportManager reset
18/01 07:43:00 INFO publisher.AdxPublisherReportManagerImpl|AdxQueryReportManager created.
18/01 07:43:00 INFO adn.AdNetworkReportManagerImpl|AdxQueryReportManager created.
18/01 07:43:00 INFO agents.DemandAgent|setting up...
18/01 07:43:00 INFO agents.DemandAgent|allocating initial campaigns
18/01 07:43:00 INFO agents.DemandAgent|allocating initial campaigns
18/01 07:43:00 INFO agents.DemandAgent|allocating initial campaigns
18/01 07:43:00 INFO agents.DemandAgent|allocating initial campaigns
18/01 07:43:00 INFO agents.DemandAgent|allocating initial campaigns
18/01 07:43:00 INFO agents.DemandAgent|allocating initial campaigns
18/01 07:43:00 INFO agents.DemandAgent|allocating initial campaigns
18/01 07:43:00 INFO agents.DemandAgent|allocating initial campaigns
18/01 07:43:00 INFO sim.Simulation|***** START OF TIME 0 *****
18/01 07:43:02 INFO agents.DemandAgent|new day 0 . Auction pending campaign
18/01 07:43:02 INFO agents.DemandAgent|Auction user classification service
18/01 07:43:02 INFO agents.DemandAgent|Reporting auction results...
18/01 07:49:16 SEVERE sim.Simulation|could not deliver time unit 0 to tau.tac.adx.agents.DemandAgent@20c62080
java.lang.NullPointerException
	at tau.tac.adx.report.demand.UserClassificationServiceLevelNotification.<init>(UserClassificationServiceLevelNotification.java:28)
	at tau.tac.adx.agents.DemandAgent.nextTimeUnit(DemandAgent.java:117)
	at se.sics.tasim.sim.Simulation.callNextTimeUnit(Simulation.java:665)
	at se.sics.tasim.sim.MessageDispatcher.nextTimeUnit(MessageDispatcher.java:160)
	at se.sics.tasim.sim.MessageDispatcher.access$200(MessageDispatcher.java:36)
	at se.sics.tasim.sim.MessageDispatcher$Delivery.perform(MessageDispatcher.java:322)
	at se.sics.tasim.sim.MessageDispatcher.run(MessageDispatcher.java:91)
18/01 07:49:16 INFO sim.Simulation|***** START OF TIME 0 COMPLETE *****
