18/01 10:22:00 FINE sim.Admin|Log for simulation 95 started
************************************************************
* Log for simulation 95 started
************************************************************


18/01 10:22:00 INFO sim.TACAdxSimulation|TACAA Simulation 95 is setting up...
18/01 10:22:00 INFO sim.TACAdxSimulation|Created Adx Agent
18/01 10:22:00 INFO sim.TACAdxSimulation|Created Demand Agent
18/01 10:22:00 INFO sim.TACAdxSimulation|Created 1 users
18/01 10:22:00 INFO sim.TACAdxSimulation|Created 1 publishers
18/01 10:22:00 FINE generators.SimpleUserGenerator|Generated 10000 tau.tac.adx.users.AdxUsers
18/01 10:22:00 FINE DummyAdvertiser.Dummy|dummy Dummy simulationSetup
18/01 10:22:00 FINE DummyAdvertiser.Dummy-2|dummy Dummy-2 simulationSetup
18/01 10:22:00 FINE DummyAdvertiser.Dummy-3|dummy Dummy-3 simulationSetup
18/01 10:22:00 FINE DummyAdvertiser.Dummy-4|dummy Dummy-4 simulationSetup
18/01 10:22:00 FINE DummyAdvertiser.Dummy-5|dummy Dummy-5 simulationSetup
18/01 10:22:00 FINE DummyAdvertiser.Dummy-6|dummy Dummy-6 simulationSetup
18/01 10:22:00 FINE DummyAdvertiser.Dummy-7|dummy Dummy-7 simulationSetup
18/01 10:22:00 FINE DummyAdvertiser.Dummy-8|dummy Dummy-8 simulationSetup
18/01 10:22:00 FINE agents.DummyAdNetwork|dummy DummyAdnetwork simulationSetup
18/01 10:22:00 FINE agents.DummyAdNetwork|dummy DummyAdnetwork-2 simulationSetup
18/01 10:22:00 FINE agents.DummyAdNetwork|dummy DummyAdnetwork-3 simulationSetup
18/01 10:22:00 FINE agents.DummyAdNetwork|dummy DummyAdnetwork-4 simulationSetup
18/01 10:22:00 FINE agents.DummyAdNetwork|dummy DummyAdnetwork-5 simulationSetup
18/01 10:22:00 FINE agents.DummyAdNetwork|dummy DummyAdnetwork-6 simulationSetup
18/01 10:22:00 FINE agents.DummyAdNetwork|dummy DummyAdnetwork-7 simulationSetup
18/01 10:22:00 FINE agents.DummyAdNetwork|dummy DummyAdnetwork-8 simulationSetup
18/01 10:22:00 INFO sim.TACAdxSimulation|Using random capacity assigments
18/01 10:22:00 INFO auction.QueryReportManagerImpl|QueryReportManager reset
18/01 10:22:00 INFO publisher.AdxPublisherReportManagerImpl|AdxQueryReportManager created.
18/01 10:22:00 INFO adn.AdNetworkReportManagerImpl|AdxQueryReportManager created.
18/01 10:22:00 INFO agents.DemandAgent|setting up...
18/01 10:22:00 FINE agents.DemandAgent|Finished setup
18/01 10:22:00 INFO sim.Simulation|***** START OF TIME 0 *****
18/01 10:22:00 INFO agents.DemandAgent|allocating initial campaigns
18/01 10:22:00 FINE adx.AdxManager|tau.tac.adx.messages.CampaignNotification@bba92db
18/01 10:22:00 INFO agents.DemandAgent|allocating initial campaigns
18/01 10:22:00 FINE adx.AdxManager|tau.tac.adx.messages.CampaignNotification@23b67d6a
18/01 10:22:00 INFO agents.DemandAgent|allocating initial campaigns
18/01 10:22:00 FINE adx.AdxManager|tau.tac.adx.messages.CampaignNotification@7284aa02
18/01 10:22:00 INFO agents.DemandAgent|allocating initial campaigns
18/01 10:22:00 FINE adx.AdxManager|tau.tac.adx.messages.CampaignNotification@2a24bfaa
18/01 10:22:00 INFO agents.DemandAgent|allocating initial campaigns
18/01 10:22:00 FINE adx.AdxManager|tau.tac.adx.messages.CampaignNotification@5dac13d7
18/01 10:22:00 INFO agents.DemandAgent|allocating initial campaigns
18/01 10:22:00 FINE adx.AdxManager|tau.tac.adx.messages.CampaignNotification@3d89acb5
18/01 10:22:00 INFO agents.DemandAgent|allocating initial campaigns
18/01 10:22:00 FINE adx.AdxManager|tau.tac.adx.messages.CampaignNotification@5722cc7e
18/01 10:22:00 INFO agents.DemandAgent|allocating initial campaigns
18/01 10:22:00 FINE adx.AdxManager|tau.tac.adx.messages.CampaignNotification@46e13e7b
18/01 10:22:01 INFO sim.Simulation|***** START OF TIME 0 COMPLETE *****
18/01 10:22:10 INFO sim.Simulation|***** START OF TIME 1 *****
18/01 10:22:10 INFO agents.DemandAgent|allocating initial campaigns
18/01 10:22:10 FINE adx.AdxManager|tau.tac.adx.messages.CampaignNotification@2b18fb03
18/01 10:22:10 INFO agents.DemandAgent|allocating initial campaigns
18/01 10:22:10 FINE adx.AdxManager|tau.tac.adx.messages.CampaignNotification@45903ccf
18/01 10:22:10 INFO agents.DemandAgent|allocating initial campaigns
18/01 10:22:10 FINE adx.AdxManager|tau.tac.adx.messages.CampaignNotification@78c099a6
18/01 10:22:10 INFO agents.DemandAgent|allocating initial campaigns
18/01 10:22:10 FINE adx.AdxManager|tau.tac.adx.messages.CampaignNotification@30c66e16
18/01 10:22:10 INFO agents.DemandAgent|allocating initial campaigns
18/01 10:22:10 FINE adx.AdxManager|tau.tac.adx.messages.CampaignNotification@4c8d0eae
18/01 10:22:10 INFO agents.DemandAgent|allocating initial campaigns
18/01 10:22:10 FINE adx.AdxManager|tau.tac.adx.messages.CampaignNotification@35a3feb8
18/01 10:22:10 INFO agents.DemandAgent|allocating initial campaigns
18/01 10:22:10 FINE adx.AdxManager|tau.tac.adx.messages.CampaignNotification@1bf6c1f0
18/01 10:22:10 INFO agents.DemandAgent|allocating initial campaigns
18/01 10:22:10 FINE adx.AdxManager|tau.tac.adx.messages.CampaignNotification@68febce4
18/01 10:22:11 INFO sim.Simulation|***** START OF TIME 1 COMPLETE *****
18/01 10:22:20 INFO sim.Simulation|***** START OF TIME 2 *****
18/01 10:22:20 INFO agents.DemandAgent|new day 2 . Auction pending campaign
18/01 10:22:20 INFO agents.DemandAgent|Auction user classification service
18/01 10:22:20 INFO agents.DemandAgent|Reporting auction results...
18/01 10:22:20 INFO agents.DemandAgent|Notifying new campaign opportunity..
18/01 10:22:20 INFO sim.Simulation|***** START OF TIME 2 COMPLETE *****
18/01 10:22:30 INFO sim.Simulation|***** START OF TIME 3 *****
18/01 10:22:30 INFO agents.DemandAgent|new day 3 . Auction pending campaign
18/01 10:22:30 INFO agents.DemandAgent|Auction user classification service
18/01 10:22:30 INFO agents.DemandAgent|Reporting auction results...
18/01 10:22:30 INFO agents.DemandAgent|Notifying new campaign opportunity..
18/01 10:22:30 INFO sim.Simulation|***** START OF TIME 3 COMPLETE *****
18/01 10:22:40 INFO sim.Simulation|***** START OF TIME 4 *****
18/01 10:22:40 INFO agents.DemandAgent|new day 4 . Auction pending campaign
18/01 10:22:40 INFO agents.DemandAgent|Auction user classification service
18/01 10:22:40 INFO agents.DemandAgent|Reporting auction results...
18/01 10:22:40 INFO agents.DemandAgent|Notifying new campaign opportunity..
18/01 10:22:40 INFO sim.Simulation|***** START OF TIME 4 COMPLETE *****
18/01 10:22:50 INFO sim.Simulation|***** START OF TIME 5 *****
18/01 10:22:50 INFO agents.DemandAgent|new day 5 . Auction pending campaign
18/01 10:22:50 INFO agents.DemandAgent|Auction user classification service
18/01 10:22:50 INFO agents.DemandAgent|Reporting auction results...
18/01 10:22:50 INFO agents.DemandAgent|Notifying new campaign opportunity..
18/01 10:22:50 INFO sim.Simulation|***** START OF TIME 5 COMPLETE *****
18/01 10:23:00 INFO sim.Simulation|***** START OF TIME 6 *****
18/01 10:23:00 INFO agents.DemandAgent|new day 6 . Auction pending campaign
18/01 10:23:00 INFO agents.DemandAgent|Auction user classification service
18/01 10:23:00 INFO agents.DemandAgent|Reporting auction results...
18/01 10:23:00 INFO agents.DemandAgent|Notifying new campaign opportunity..
18/01 10:23:00 INFO sim.Simulation|***** START OF TIME 6 COMPLETE *****
18/01 10:23:10 INFO sim.Simulation|***** START OF TIME 7 *****
18/01 10:23:10 INFO agents.DemandAgent|new day 7 . Auction pending campaign
18/01 10:23:10 INFO agents.DemandAgent|Auction user classification service
18/01 10:23:10 INFO agents.DemandAgent|Reporting auction results...
18/01 10:23:10 INFO agents.DemandAgent|Notifying new campaign opportunity..
18/01 10:23:10 INFO sim.Simulation|***** START OF TIME 7 COMPLETE *****
