18/01 10:46:00 FINE sim.Admin|Log for simulation 100 started
************************************************************
* Log for simulation 100 started
************************************************************


18/01 10:46:00 INFO sim.TACAdxSimulation|TACAA Simulation 100 is setting up...
18/01 10:46:00 INFO sim.TACAdxSimulation|Created Adx Agent
18/01 10:46:00 INFO sim.TACAdxSimulation|Created Demand Agent
18/01 10:46:00 INFO sim.TACAdxSimulation|Created 1 users
18/01 10:46:00 INFO sim.TACAdxSimulation|Created 1 publishers
18/01 10:46:00 FINE generators.SimpleUserGenerator|Generated 10000 tau.tac.adx.users.AdxUsers
18/01 10:46:00 FINE DummyAdvertiser.Dummy|dummy Dummy simulationSetup
18/01 10:46:00 FINE DummyAdvertiser.Dummy-2|dummy Dummy-2 simulationSetup
18/01 10:46:00 FINE DummyAdvertiser.Dummy-3|dummy Dummy-3 simulationSetup
18/01 10:46:00 FINE DummyAdvertiser.Dummy-4|dummy Dummy-4 simulationSetup
18/01 10:46:00 FINE DummyAdvertiser.Dummy-5|dummy Dummy-5 simulationSetup
18/01 10:46:00 FINE DummyAdvertiser.Dummy-6|dummy Dummy-6 simulationSetup
18/01 10:46:00 FINE DummyAdvertiser.Dummy-7|dummy Dummy-7 simulationSetup
18/01 10:46:00 FINE DummyAdvertiser.Dummy-8|dummy Dummy-8 simulationSetup
18/01 10:46:00 FINE agents.DummyAdNetwork|dummy DummyAdnetwork simulationSetup
18/01 10:46:00 FINE agents.DummyAdNetwork|dummy DummyAdnetwork-2 simulationSetup
18/01 10:46:00 FINE agents.DummyAdNetwork|dummy DummyAdnetwork-3 simulationSetup
18/01 10:46:00 FINE agents.DummyAdNetwork|dummy DummyAdnetwork-4 simulationSetup
18/01 10:46:00 FINE agents.DummyAdNetwork|dummy DummyAdnetwork-5 simulationSetup
18/01 10:46:00 FINE agents.DummyAdNetwork|dummy DummyAdnetwork-6 simulationSetup
18/01 10:46:00 FINE agents.DummyAdNetwork|dummy DummyAdnetwork-7 simulationSetup
18/01 10:46:00 FINE agents.DummyAdNetwork|dummy DummyAdnetwork-8 simulationSetup
18/01 10:46:00 INFO sim.TACAdxSimulation|Using random capacity assigments
18/01 10:46:00 INFO auction.QueryReportManagerImpl|QueryReportManager reset
18/01 10:46:00 INFO publisher.AdxPublisherReportManagerImpl|AdxQueryReportManager created.
18/01 10:46:00 INFO adn.AdNetworkReportManagerImpl|AdxQueryReportManager created.
18/01 10:46:00 INFO agents.DemandAgent|setting up...
18/01 10:46:00 FINE agents.DemandAgent|Finished setup
18/01 10:46:00 INFO sim.Simulation|***** START OF TIME 0 *****
18/01 10:46:00 SEVERE sim.Simulation|could not deliver time unit 0 to simulation
java.lang.NullPointerException
	at edu.umich.eecs.tac.sim.DefaultSalesAnalyst.updateConversionQueue(DefaultSalesAnalyst.java:164)
	at edu.umich.eecs.tac.sim.DefaultSalesAnalyst.sendSalesReportToAll(DefaultSalesAnalyst.java:159)
	at tau.tac.adx.sim.TACAdxSimulation.nextTimeUnitStarted(TACAdxSimulation.java:755)
	at se.sics.tasim.sim.Simulation.callNextTimeUnit(Simulation.java:651)
	at se.sics.tasim.sim.MessageDispatcher.nextTimeUnit(MessageDispatcher.java:164)
	at se.sics.tasim.sim.MessageDispatcher.access$200(MessageDispatcher.java:37)
	at se.sics.tasim.sim.MessageDispatcher$Delivery.perform(MessageDispatcher.java:326)
	at se.sics.tasim.sim.MessageDispatcher.run(MessageDispatcher.java:95)
18/01 10:46:01 INFO sim.Simulation|***** START OF TIME 0 COMPLETE *****
18/01 10:46:10 INFO sim.Simulation|***** START OF TIME 1 *****
18/01 10:46:10 SEVERE sim.Simulation|could not deliver time unit 1 to simulation
java.lang.NullPointerException
	at edu.umich.eecs.tac.sim.DefaultSalesAnalyst.updateConversionQueue(DefaultSalesAnalyst.java:164)
	at edu.umich.eecs.tac.sim.DefaultSalesAnalyst.sendSalesReportToAll(DefaultSalesAnalyst.java:159)
	at tau.tac.adx.sim.TACAdxSimulation.nextTimeUnitStarted(TACAdxSimulation.java:755)
	at se.sics.tasim.sim.Simulation.callNextTimeUnit(Simulation.java:651)
	at se.sics.tasim.sim.MessageDispatcher.nextTimeUnit(MessageDispatcher.java:164)
	at se.sics.tasim.sim.MessageDispatcher.access$200(MessageDispatcher.java:37)
	at se.sics.tasim.sim.MessageDispatcher$Delivery.perform(MessageDispatcher.java:326)
	at se.sics.tasim.sim.MessageDispatcher.run(MessageDispatcher.java:95)
18/01 10:46:10 INFO sim.Simulation|***** START OF TIME 1 COMPLETE *****
18/01 10:46:20 INFO sim.Simulation|***** START OF TIME 2 *****
18/01 10:46:20 SEVERE sim.Simulation|could not deliver time unit 2 to simulation
java.lang.NullPointerException
	at edu.umich.eecs.tac.sim.DefaultSalesAnalyst.updateConversionQueue(DefaultSalesAnalyst.java:164)
	at edu.umich.eecs.tac.sim.DefaultSalesAnalyst.sendSalesReportToAll(DefaultSalesAnalyst.java:159)
	at tau.tac.adx.sim.TACAdxSimulation.nextTimeUnitStarted(TACAdxSimulation.java:755)
	at se.sics.tasim.sim.Simulation.callNextTimeUnit(Simulation.java:651)
	at se.sics.tasim.sim.MessageDispatcher.nextTimeUnit(MessageDispatcher.java:164)
	at se.sics.tasim.sim.MessageDispatcher.access$200(MessageDispatcher.java:37)
	at se.sics.tasim.sim.MessageDispatcher$Delivery.perform(MessageDispatcher.java:326)
	at se.sics.tasim.sim.MessageDispatcher.run(MessageDispatcher.java:95)
18/01 10:46:20 INFO sim.Simulation|***** START OF TIME 2 COMPLETE *****
