0:0:0:0:0:0:0:1 - - [06/Apr/2013:23:20:45 +0200] "GET / HTTP/1.1" 200 240 "-" "Mozilla/5.0 (Windows NT 6.1; WOW64) AppleWebKit/537.31 (KHTML, like Gecko) Chrome/26.0.1410.43 Safari/537.31" -
0:0:0:0:0:0:0:1 - - [06/Apr/2013:23:20:45 +0200] "GET /menu/ HTTP/1.1" 200 922 "http://localhost:8080/" "Mozilla/5.0 (Windows NT 6.1; WOW64) AppleWebKit/537.31 (KHTML, like Gecko) Chrome/26.0.1410.43 Safari/537.31" -
0:0:0:0:0:0:0:1 - - [06/Apr/2013:23:20:45 +0200] "GET /top/ HTTP/1.1" 200 335 "http://localhost:8080/" "Mozilla/5.0 (Windows NT 6.1; WOW64) AppleWebKit/537.31 (KHTML, like Gecko) Chrome/26.0.1410.43 Safari/537.31" -
0:0:0:0:0:0:0:1 - - [06/Apr/2013:23:20:45 +0200] "GET /status/ HTTP/1.1" 200 165 "http://localhost:8080/" "Mozilla/5.0 (Windows NT 6.1; WOW64) AppleWebKit/537.31 (KHTML, like Gecko) Chrome/26.0.1410.43 Safari/537.31" -
0:0:0:0:0:0:0:1 - - [06/Apr/2013:23:20:46 +0200] "GET /favicon.ico HTTP/1.1" 404 1248 "-" "Mozilla/5.0 (Windows NT 6.1; WOW64) AppleWebKit/537.31 (KHTML, like Gecko) Chrome/26.0.1410.43 Safari/537.31" -
0:0:0:0:0:0:0:1 - - [06/Apr/2013:23:20:49 +0200] "GET /register/ HTTP/1.1" 200 851 "http://localhost:8080/menu/" "Mozilla/5.0 (Windows NT 6.1; WOW64) AppleWebKit/537.31 (KHTML, like Gecko) Chrome/26.0.1410.43 Safari/537.31" -
0:0:0:0:0:0:0:1 - - [06/Apr/2013:23:20:49 +0200] "GET /favicon.ico HTTP/1.1" 404 1248 "-" "Mozilla/5.0 (Windows NT 6.1; WOW64) AppleWebKit/537.31 (KHTML, like Gecko) Chrome/26.0.1410.43 Safari/537.31" -
0:0:0:0:0:0:0:1 - - [06/Apr/2013:23:20:59 +0200] "POST /register/ HTTP/1.1" 200 29 "http://localhost:8080/register/" "Mozilla/5.0 (Windows NT 6.1; WOW64) AppleWebKit/537.31 (KHTML, like Gecko) Chrome/26.0.1410.43 Safari/537.31" -
0:0:0:0:0:0:0:1 - - [06/Apr/2013:23:20:59 +0200] "GET /favicon.ico HTTP/1.1" 404 1248 "-" "Mozilla/5.0 (Windows NT 6.1; WOW64) AppleWebKit/537.31 (KHTML, like Gecko) Chrome/26.0.1410.43 Safari/537.31" -
0:0:0:0:0:0:0:1 - - [06/Apr/2013:23:21:03 +0200] "GET /localhost/games/ HTTP/1.1" 401 1225 "http://localhost:8080/menu/" "Mozilla/5.0 (Windows NT 6.1; WOW64) AppleWebKit/537.31 (KHTML, like Gecko) Chrome/26.0.1410.43 Safari/537.31" -
0:0:0:0:0:0:0:1 - admin [06/Apr/2013:23:21:08 +0200] "GET /localhost/games/ HTTP/1.1" 200 849 "http://localhost:8080/menu/" "Mozilla/5.0 (Windows NT 6.1; WOW64) AppleWebKit/537.31 (KHTML, like Gecko) Chrome/26.0.1410.43 Safari/537.31" -
0:0:0:0:0:0:0:1 - - [06/Apr/2013:23:21:08 +0200] "GET /favicon.ico HTTP/1.1" 404 1248 "-" "Mozilla/5.0 (Windows NT 6.1; WOW64) AppleWebKit/537.31 (KHTML, like Gecko) Chrome/26.0.1410.43 Safari/537.31" -
0:0:0:0:0:0:0:1 - admin [06/Apr/2013:23:21:54 +0200] "POST /localhost/games/ HTTP/1.1" 200 1623 "http://localhost:8080/localhost/games/" "Mozilla/5.0 (Windows NT 6.1; WOW64) AppleWebKit/537.31 (KHTML, like Gecko) Chrome/26.0.1410.43 Safari/537.31" -
0:0:0:0:0:0:0:1 - - [06/Apr/2013:23:21:54 +0200] "GET /favicon.ico HTTP/1.1" 404 1248 "-" "Mozilla/5.0 (Windows NT 6.1; WOW64) AppleWebKit/537.31 (KHTML, like Gecko) Chrome/26.0.1410.43 Safari/537.31" -
0:0:0:0:0:0:0:1 - - [06/Apr/2013:23:31:58 +0200] "GET / HTTP/1.1" 200 240 "-" "Mozilla/5.0 (Windows NT 6.1; WOW64) AppleWebKit/537.31 (KHTML, like Gecko) Chrome/26.0.1410.43 Safari/537.31" -
0:0:0:0:0:0:0:1 - - [06/Apr/2013:23:31:58 +0200] "GET /top/ HTTP/1.1" 200 335 "http://localhost:8080/" "Mozilla/5.0 (Windows NT 6.1; WOW64) AppleWebKit/537.31 (KHTML, like Gecko) Chrome/26.0.1410.43 Safari/537.31" -
0:0:0:0:0:0:0:1 - - [06/Apr/2013:23:31:58 +0200] "GET /menu/ HTTP/1.1" 200 922 "http://localhost:8080/" "Mozilla/5.0 (Windows NT 6.1; WOW64) AppleWebKit/537.31 (KHTML, like Gecko) Chrome/26.0.1410.43 Safari/537.31" -
0:0:0:0:0:0:0:1 - - [06/Apr/2013:23:31:58 +0200] "GET /status/ HTTP/1.1" 200 165 "http://localhost:8080/" "Mozilla/5.0 (Windows NT 6.1; WOW64) AppleWebKit/537.31 (KHTML, like Gecko) Chrome/26.0.1410.43 Safari/537.31" -
0:0:0:0:0:0:0:1 - - [06/Apr/2013:23:31:59 +0200] "GET /favicon.ico HTTP/1.1" 404 1248 "-" "Mozilla/5.0 (Windows NT 6.1; WOW64) AppleWebKit/537.31 (KHTML, like Gecko) Chrome/26.0.1410.43 Safari/537.31" -
0:0:0:0:0:0:0:1 - admin [06/Apr/2013:23:32:01 +0200] "GET /localhost/games/ HTTP/1.1" 200 1805 "http://localhost:8080/menu/" "Mozilla/5.0 (Windows NT 6.1; WOW64) AppleWebKit/537.31 (KHTML, like Gecko) Chrome/26.0.1410.43 Safari/537.31" -
0:0:0:0:0:0:0:1 - - [06/Apr/2013:23:32:02 +0200] "GET /favicon.ico HTTP/1.1" 404 1248 "-" "Mozilla/5.0 (Windows NT 6.1; WOW64) AppleWebKit/537.31 (KHTML, like Gecko) Chrome/26.0.1410.43 Safari/537.31" -
0:0:0:0:0:0:0:1 - - [06/Apr/2013:23:32:07 +0200] "GET /localhost/history/ HTTP/1.1" 200 1961 "http://localhost:8080/menu/" "Mozilla/5.0 (Windows NT 6.1; WOW64) AppleWebKit/537.31 (KHTML, like Gecko) Chrome/26.0.1410.43 Safari/537.31" -
0:0:0:0:0:0:0:1 - - [06/Apr/2013:23:32:07 +0200] "GET /favicon.ico HTTP/1.1" 404 1248 "-" "Mozilla/5.0 (Windows NT 6.1; WOW64) AppleWebKit/537.31 (KHTML, like Gecko) Chrome/26.0.1410.43 Safari/537.31" -
0:0:0:0:0:0:0:1 - - [06/Apr/2013:23:32:14 +0200] "GET /localhost/history/1/index.html HTTP/1.1" 200 708 "http://localhost:8080/localhost/history/" "Mozilla/5.0 (Windows NT 6.1; WOW64) AppleWebKit/537.31 (KHTML, like Gecko) Chrome/26.0.1410.43 Safari/537.31" -
0:0:0:0:0:0:0:1 - - [06/Apr/2013:23:32:14 +0200] "GET /favicon.ico HTTP/1.1" 404 1248 "-" "Mozilla/5.0 (Windows NT 6.1; WOW64) AppleWebKit/537.31 (KHTML, like Gecko) Chrome/26.0.1410.43 Safari/537.31" -
0:0:0:0:0:0:0:1 - - [06/Apr/2013:23:32:30 +0200] "GET / HTTP/1.1" 200 240 "-" "Mozilla/5.0 (Windows NT 6.1; WOW64) AppleWebKit/537.31 (KHTML, like Gecko) Chrome/26.0.1410.43 Safari/537.31" -
0:0:0:0:0:0:0:1 - - [06/Apr/2013:23:32:30 +0200] "GET /top/ HTTP/1.1" 200 335 "http://localhost:8080/" "Mozilla/5.0 (Windows NT 6.1; WOW64) AppleWebKit/537.31 (KHTML, like Gecko) Chrome/26.0.1410.43 Safari/537.31" -
0:0:0:0:0:0:0:1 - - [06/Apr/2013:23:32:30 +0200] "GET /menu/ HTTP/1.1" 200 922 "http://localhost:8080/" "Mozilla/5.0 (Windows NT 6.1; WOW64) AppleWebKit/537.31 (KHTML, like Gecko) Chrome/26.0.1410.43 Safari/537.31" -
0:0:0:0:0:0:0:1 - - [06/Apr/2013:23:32:30 +0200] "GET /status/ HTTP/1.1" 200 165 "http://localhost:8080/" "Mozilla/5.0 (Windows NT 6.1; WOW64) AppleWebKit/537.31 (KHTML, like Gecko) Chrome/26.0.1410.43 Safari/537.31" -
0:0:0:0:0:0:0:1 - - [06/Apr/2013:23:32:30 +0200] "GET /favicon.ico HTTP/1.1" 404 1248 "-" "Mozilla/5.0 (Windows NT 6.1; WOW64) AppleWebKit/537.31 (KHTML, like Gecko) Chrome/26.0.1410.43 Safari/537.31" -
0:0:0:0:0:0:0:1 - - [06/Apr/2013:23:32:32 +0200] "GET /localhost/history/ HTTP/1.1" 200 1961 "http://localhost:8080/menu/" "Mozilla/5.0 (Windows NT 6.1; WOW64) AppleWebKit/537.31 (KHTML, like Gecko) Chrome/26.0.1410.43 Safari/537.31" -
0:0:0:0:0:0:0:1 - - [06/Apr/2013:23:32:32 +0200] "GET /favicon.ico HTTP/1.1" 404 1248 "-" "Mozilla/5.0 (Windows NT 6.1; WOW64) AppleWebKit/537.31 (KHTML, like Gecko) Chrome/26.0.1410.43 Safari/537.31" -
0:0:0:0:0:0:0:1 - - [06/Apr/2013:23:32:34 +0200] "GET /localhost/history/20/index.html HTTP/1.1" 200 3100 "http://localhost:8080/localhost/history/" "Mozilla/5.0 (Windows NT 6.1; WOW64) AppleWebKit/537.31 (KHTML, like Gecko) Chrome/26.0.1410.43 Safari/537.31" -
0:0:0:0:0:0:0:1 - - [06/Apr/2013:23:32:34 +0200] "GET /favicon.ico HTTP/1.1" 404 1248 "-" "Mozilla/5.0 (Windows NT 6.1; WOW64) AppleWebKit/537.31 (KHTML, like Gecko) Chrome/26.0.1410.43 Safari/537.31" -
0:0:0:0:0:0:0:1 - - [06/Apr/2013:23:32:37 +0200] "GET /favicon.ico HTTP/1.1" 404 1248 "-" "Mozilla/5.0 (Windows NT 6.1; WOW64) AppleWebKit/537.31 (KHTML, like Gecko) Chrome/26.0.1410.43 Safari/537.31" -
0:0:0:0:0:0:0:1 - - [06/Apr/2013:23:32:42 +0200] "GET /favicon.ico HTTP/1.1" 404 1248 "-" "Mozilla/5.0 (Windows NT 6.1; WOW64) AppleWebKit/537.31 (KHTML, like Gecko) Chrome/26.0.1410.43 Safari/537.31" -
0:0:0:0:0:0:0:1 - - [06/Apr/2013:23:32:44 +0200] "GET /favicon.ico HTTP/1.1" 404 1248 "-" "Mozilla/5.0 (Windows NT 6.1; WOW64) AppleWebKit/537.31 (KHTML, like Gecko) Chrome/26.0.1410.43 Safari/537.31" -
0:0:0:0:0:0:0:1 - - [06/Apr/2013:23:32:46 +0200] "GET /localhost/history/1/index.html HTTP/1.1" 304 0 "http://localhost:8080/localhost/history/" "Mozilla/5.0 (Windows NT 6.1; WOW64) AppleWebKit/537.31 (KHTML, like Gecko) Chrome/26.0.1410.43 Safari/537.31" -
0:0:0:0:0:0:0:1 - - [06/Apr/2013:23:32:46 +0200] "GET /favicon.ico HTTP/1.1" 404 1248 "-" "Mozilla/5.0 (Windows NT 6.1; WOW64) AppleWebKit/537.31 (KHTML, like Gecko) Chrome/26.0.1410.43 Safari/537.31" -
0:0:0:0:0:0:0:1 - - [06/Apr/2013:23:32:54 +0200] "GET /favicon.ico HTTP/1.1" 404 1248 "-" "Mozilla/5.0 (Windows NT 6.1; WOW64) AppleWebKit/537.31 (KHTML, like Gecko) Chrome/26.0.1410.43 Safari/537.31" -
0:0:0:0:0:0:0:1 - - [06/Apr/2013:23:34:10 +0200] "GET /localhost/history/ HTTP/1.1" 200 1961 "http://localhost:8080/menu/" "Mozilla/5.0 (Windows NT 6.1; WOW64) AppleWebKit/537.31 (KHTML, like Gecko) Chrome/26.0.1410.43 Safari/537.31" -
0:0:0:0:0:0:0:1 - - [06/Apr/2013:23:34:10 +0200] "GET /favicon.ico HTTP/1.1" 404 1248 "-" "Mozilla/5.0 (Windows NT 6.1; WOW64) AppleWebKit/537.31 (KHTML, like Gecko) Chrome/26.0.1410.43 Safari/537.31" -
0:0:0:0:0:0:0:1 - - [06/Apr/2013:23:34:11 +0200] "GET /localhost/history/1/index.html HTTP/1.1" 304 0 "http://localhost:8080/localhost/history/" "Mozilla/5.0 (Windows NT 6.1; WOW64) AppleWebKit/537.31 (KHTML, like Gecko) Chrome/26.0.1410.43 Safari/537.31" -
0:0:0:0:0:0:0:1 - - [06/Apr/2013:23:34:11 +0200] "GET /favicon.ico HTTP/1.1" 404 1248 "-" "Mozilla/5.0 (Windows NT 6.1; WOW64) AppleWebKit/537.31 (KHTML, like Gecko) Chrome/26.0.1410.43 Safari/537.31" -
0:0:0:0:0:0:0:1 - - [06/Apr/2013:23:34:17 +0200] "GET /favicon.ico HTTP/1.1" 404 1248 "-" "Mozilla/5.0 (Windows NT 6.1; WOW64) AppleWebKit/537.31 (KHTML, like Gecko) Chrome/26.0.1410.43 Safari/537.31" -
0:0:0:0:0:0:0:1 - - [06/Apr/2013:23:34:20 +0200] "GET /favicon.ico HTTP/1.1" 404 1248 "-" "Mozilla/5.0 (Windows NT 6.1; WOW64) AppleWebKit/537.31 (KHTML, like Gecko) Chrome/26.0.1410.43 Safari/537.31" -
0:0:0:0:0:0:0:1 - - [06/Apr/2013:23:34:21 +0200] "GET /favicon.ico HTTP/1.1" 404 1248 "-" "Mozilla/5.0 (Windows NT 6.1; WOW64) AppleWebKit/537.31 (KHTML, like Gecko) Chrome/26.0.1410.43 Safari/537.31" -
0:0:0:0:0:0:0:1 - - [06/Apr/2013:23:34:22 +0200] "GET /favicon.ico HTTP/1.1" 404 1248 "-" "Mozilla/5.0 (Windows NT 6.1; WOW64) AppleWebKit/537.31 (KHTML, like Gecko) Chrome/26.0.1410.43 Safari/537.31" -
0:0:0:0:0:0:0:1 - - [06/Apr/2013:23:34:23 +0200] "GET /favicon.ico HTTP/1.1" 404 1248 "-" "Mozilla/5.0 (Windows NT 6.1; WOW64) AppleWebKit/537.31 (KHTML, like Gecko) Chrome/26.0.1410.43 Safari/537.31" -
0:0:0:0:0:0:0:1 - admin [06/Apr/2013:23:34:37 +0200] "GET /localhost/games/ HTTP/1.1" 200 849 "http://localhost:8080/menu/" "Mozilla/5.0 (Windows NT 6.1; WOW64) AppleWebKit/537.31 (KHTML, like Gecko) Chrome/26.0.1410.43 Safari/537.31" -
0:0:0:0:0:0:0:1 - - [06/Apr/2013:23:34:37 +0200] "GET /favicon.ico HTTP/1.1" 404 1248 "-" "Mozilla/5.0 (Windows NT 6.1; WOW64) AppleWebKit/537.31 (KHTML, like Gecko) Chrome/26.0.1410.43 Safari/537.31" -
0:0:0:0:0:0:0:1 - admin [06/Apr/2013:23:34:39 +0200] "POST /localhost/games/ HTTP/1.1" 200 1623 "http://localhost:8080/localhost/games/" "Mozilla/5.0 (Windows NT 6.1; WOW64) AppleWebKit/537.31 (KHTML, like Gecko) Chrome/26.0.1410.43 Safari/537.31" -
0:0:0:0:0:0:0:1 - - [06/Apr/2013:23:34:39 +0200] "GET /favicon.ico HTTP/1.1" 404 1248 "-" "Mozilla/5.0 (Windows NT 6.1; WOW64) AppleWebKit/537.31 (KHTML, like Gecko) Chrome/26.0.1410.43 Safari/537.31" -
0:0:0:0:0:0:0:1 - - [06/Apr/2013:23:36:10 +0200] "GET / HTTP/1.1" 200 240 "-" "Mozilla/5.0 (Windows NT 6.1; WOW64) AppleWebKit/537.31 (KHTML, like Gecko) Chrome/26.0.1410.43 Safari/537.31" -
0:0:0:0:0:0:0:1 - - [06/Apr/2013:23:36:10 +0200] "GET /top/ HTTP/1.1" 200 335 "http://localhost:8080/" "Mozilla/5.0 (Windows NT 6.1; WOW64) AppleWebKit/537.31 (KHTML, like Gecko) Chrome/26.0.1410.43 Safari/537.31" -
0:0:0:0:0:0:0:1 - - [06/Apr/2013:23:36:10 +0200] "GET /menu/ HTTP/1.1" 200 922 "http://localhost:8080/" "Mozilla/5.0 (Windows NT 6.1; WOW64) AppleWebKit/537.31 (KHTML, like Gecko) Chrome/26.0.1410.43 Safari/537.31" -
0:0:0:0:0:0:0:1 - - [06/Apr/2013:23:36:10 +0200] "GET /status/ HTTP/1.1" 200 165 "http://localhost:8080/" "Mozilla/5.0 (Windows NT 6.1; WOW64) AppleWebKit/537.31 (KHTML, like Gecko) Chrome/26.0.1410.43 Safari/537.31" -
0:0:0:0:0:0:0:1 - - [06/Apr/2013:23:36:11 +0200] "GET /favicon.ico HTTP/1.1" 404 1248 "-" "Mozilla/5.0 (Windows NT 6.1; WOW64) AppleWebKit/537.31 (KHTML, like Gecko) Chrome/26.0.1410.43 Safari/537.31" -
0:0:0:0:0:0:0:1 - admin [06/Apr/2013:23:36:12 +0200] "GET /localhost/games/ HTTP/1.1" 200 1805 "http://localhost:8080/menu/" "Mozilla/5.0 (Windows NT 6.1; WOW64) AppleWebKit/537.31 (KHTML, like Gecko) Chrome/26.0.1410.43 Safari/537.31" -
0:0:0:0:0:0:0:1 - - [06/Apr/2013:23:36:12 +0200] "GET /favicon.ico HTTP/1.1" 404 1248 "-" "Mozilla/5.0 (Windows NT 6.1; WOW64) AppleWebKit/537.31 (KHTML, like Gecko) Chrome/26.0.1410.43 Safari/537.31" -
0:0:0:0:0:0:0:1 - admin [06/Apr/2013:23:39:39 +0200] "GET /localhost/games/ HTTP/1.1" 200 1805 "http://localhost:8080/menu/" "Mozilla/5.0 (Windows NT 6.1; WOW64) AppleWebKit/537.31 (KHTML, like Gecko) Chrome/26.0.1410.43 Safari/537.31" -
0:0:0:0:0:0:0:1 - - [06/Apr/2013:23:39:39 +0200] "GET /favicon.ico HTTP/1.1" 404 1248 "-" "Mozilla/5.0 (Windows NT 6.1; WOW64) AppleWebKit/537.31 (KHTML, like Gecko) Chrome/26.0.1410.43 Safari/537.31" -
0:0:0:0:0:0:0:1 - admin [06/Apr/2013:23:39:41 +0200] "GET /localhost/games/ HTTP/1.1" 200 1805 "http://localhost:8080/menu/" "Mozilla/5.0 (Windows NT 6.1; WOW64) AppleWebKit/537.31 (KHTML, like Gecko) Chrome/26.0.1410.43 Safari/537.31" -
0:0:0:0:0:0:0:1 - - [06/Apr/2013:23:39:41 +0200] "GET /favicon.ico HTTP/1.1" 404 1248 "-" "Mozilla/5.0 (Windows NT 6.1; WOW64) AppleWebKit/537.31 (KHTML, like Gecko) Chrome/26.0.1410.43 Safari/537.31" -
0:0:0:0:0:0:0:1 - - [06/Apr/2013:23:39:44 +0200] "GET / HTTP/1.1" 200 240 "-" "Mozilla/5.0 (Windows NT 6.1; WOW64) AppleWebKit/537.31 (KHTML, like Gecko) Chrome/26.0.1410.43 Safari/537.31" -
0:0:0:0:0:0:0:1 - - [06/Apr/2013:23:39:44 +0200] "GET /top/ HTTP/1.1" 200 335 "http://localhost:8080/" "Mozilla/5.0 (Windows NT 6.1; WOW64) AppleWebKit/537.31 (KHTML, like Gecko) Chrome/26.0.1410.43 Safari/537.31" -
0:0:0:0:0:0:0:1 - - [06/Apr/2013:23:39:44 +0200] "GET /menu/ HTTP/1.1" 200 922 "http://localhost:8080/" "Mozilla/5.0 (Windows NT 6.1; WOW64) AppleWebKit/537.31 (KHTML, like Gecko) Chrome/26.0.1410.43 Safari/537.31" -
0:0:0:0:0:0:0:1 - - [06/Apr/2013:23:39:44 +0200] "GET /status/ HTTP/1.1" 200 165 "http://localhost:8080/" "Mozilla/5.0 (Windows NT 6.1; WOW64) AppleWebKit/537.31 (KHTML, like Gecko) Chrome/26.0.1410.43 Safari/537.31" -
0:0:0:0:0:0:0:1 - - [06/Apr/2013:23:39:44 +0200] "GET /favicon.ico HTTP/1.1" 404 1248 "-" "Mozilla/5.0 (Windows NT 6.1; WOW64) AppleWebKit/537.31 (KHTML, like Gecko) Chrome/26.0.1410.43 Safari/537.31" -
0:0:0:0:0:0:0:1 - admin [06/Apr/2013:23:39:50 +0200] "GET /localhost/games/ HTTP/1.1" 200 1805 "http://localhost:8080/menu/" "Mozilla/5.0 (Windows NT 6.1; WOW64) AppleWebKit/537.31 (KHTML, like Gecko) Chrome/26.0.1410.43 Safari/537.31" -
0:0:0:0:0:0:0:1 - - [06/Apr/2013:23:39:50 +0200] "GET /favicon.ico HTTP/1.1" 404 1248 "-" "Mozilla/5.0 (Windows NT 6.1; WOW64) AppleWebKit/537.31 (KHTML, like Gecko) Chrome/26.0.1410.43 Safari/537.31" -
0:0:0:0:0:0:0:1 - - [06/Apr/2013:23:46:17 +0200] "GET /localhost/history/ HTTP/1.1" 200 2097 "http://localhost:8080/menu/" "Mozilla/5.0 (Windows NT 6.1; WOW64) AppleWebKit/537.31 (KHTML, like Gecko) Chrome/26.0.1410.43 Safari/537.31" -
0:0:0:0:0:0:0:1 - - [06/Apr/2013:23:46:17 +0200] "GET /favicon.ico HTTP/1.1" 404 1248 "-" "Mozilla/5.0 (Windows NT 6.1; WOW64) AppleWebKit/537.31 (KHTML, like Gecko) Chrome/26.0.1410.43 Safari/537.31" -
0:0:0:0:0:0:0:1 - - [06/Apr/2013:23:46:19 +0200] "GET /localhost/history/2/index.html HTTP/1.1" 200 708 "http://localhost:8080/localhost/history/" "Mozilla/5.0 (Windows NT 6.1; WOW64) AppleWebKit/537.31 (KHTML, like Gecko) Chrome/26.0.1410.43 Safari/537.31" -
0:0:0:0:0:0:0:1 - - [06/Apr/2013:23:46:19 +0200] "GET /favicon.ico HTTP/1.1" 404 1248 "-" "Mozilla/5.0 (Windows NT 6.1; WOW64) AppleWebKit/537.31 (KHTML, like Gecko) Chrome/26.0.1410.43 Safari/537.31" -
0:0:0:0:0:0:0:1 - - [06/Apr/2013:23:46:21 +0200] "GET /favicon.ico HTTP/1.1" 404 1248 "-" "Mozilla/5.0 (Windows NT 6.1; WOW64) AppleWebKit/537.31 (KHTML, like Gecko) Chrome/26.0.1410.43 Safari/537.31" -
0:0:0:0:0:0:0:1 - - [06/Apr/2013:23:46:45 +0200] "GET /favicon.ico HTTP/1.1" 404 1248 "-" "Mozilla/5.0 (Windows NT 6.1; WOW64) AppleWebKit/537.31 (KHTML, like Gecko) Chrome/26.0.1410.43 Safari/537.31" -
