0:0:0:0:0:0:0:1 - - [07/Apr/2013:00:45:49 +0200] "GET /status/ HTTP/1.1" 200 165 "http://localhost:8080/menu/" "Mozilla/5.0 (Windows NT 6.1; WOW64) AppleWebKit/537.31 (KHTML, like Gecko) Chrome/26.0.1410.43 Safari/537.31" -
0:0:0:0:0:0:0:1 - - [07/Apr/2013:00:45:49 +0200] "GET /favicon.ico HTTP/1.1" 404 1248 "-" "Mozilla/5.0 (Windows NT 6.1; WOW64) AppleWebKit/537.31 (KHTML, like Gecko) Chrome/26.0.1410.43 Safari/537.31" -
0:0:0:0:0:0:0:1 - - [07/Apr/2013:00:46:28 +0200] "GET /admin HTTP/1.1" 302 0 "-" "Mozilla/5.0 (Windows NT 6.1; WOW64) AppleWebKit/537.31 (KHTML, like Gecko) Chrome/26.0.1410.43 Safari/537.31" -
0:0:0:0:0:0:0:1 - - [07/Apr/2013:00:46:28 +0200] "GET /localhost/admin HTTP/1.1" 401 1224 "-" "Mozilla/5.0 (Windows NT 6.1; WOW64) AppleWebKit/537.31 (KHTML, like Gecko) Chrome/26.0.1410.43 Safari/537.31" -
0:0:0:0:0:0:0:1 - admin [07/Apr/2013:00:46:28 +0200] "GET /localhost/admin HTTP/1.1" 200 2473 "-" "Mozilla/5.0 (Windows NT 6.1; WOW64) AppleWebKit/537.31 (KHTML, like Gecko) Chrome/26.0.1410.43 Safari/537.31" -
0:0:0:0:0:0:0:1 - - [07/Apr/2013:00:46:28 +0200] "GET /favicon.ico HTTP/1.1" 404 1248 "-" "Mozilla/5.0 (Windows NT 6.1; WOW64) AppleWebKit/537.31 (KHTML, like Gecko) Chrome/26.0.1410.43 Safari/537.31" -
0:0:0:0:0:0:0:1 - admin [07/Apr/2013:00:46:35 +0200] "GET /localhost/admin/ HTTP/1.1" 200 2473 "http://localhost:8080/localhost/admin" "Mozilla/5.0 (Windows NT 6.1; WOW64) AppleWebKit/537.31 (KHTML, like Gecko) Chrome/26.0.1410.43 Safari/537.31" -
0:0:0:0:0:0:0:1 - - [07/Apr/2013:00:46:35 +0200] "GET /favicon.ico HTTP/1.1" 404 1248 "-" "Mozilla/5.0 (Windows NT 6.1; WOW64) AppleWebKit/537.31 (KHTML, like Gecko) Chrome/26.0.1410.43 Safari/537.31" -
0:0:0:0:0:0:0:1 - admin [07/Apr/2013:00:46:37 +0200] "GET /localhost/admin/games/ HTTP/1.1" 200 941 "http://localhost:8080/localhost/admin/" "Mozilla/5.0 (Windows NT 6.1; WOW64) AppleWebKit/537.31 (KHTML, like Gecko) Chrome/26.0.1410.43 Safari/537.31" -
0:0:0:0:0:0:0:1 - - [07/Apr/2013:00:46:37 +0200] "GET /favicon.ico HTTP/1.1" 404 1248 "-" "Mozilla/5.0 (Windows NT 6.1; WOW64) AppleWebKit/537.31 (KHTML, like Gecko) Chrome/26.0.1410.43 Safari/537.31" -
0:0:0:0:0:0:0:1 - admin [07/Apr/2013:00:46:40 +0200] "GET /localhost/admin/competition/ HTTP/1.1" 200 1127 "http://localhost:8080/localhost/admin/games/" "Mozilla/5.0 (Windows NT 6.1; WOW64) AppleWebKit/537.31 (KHTML, like Gecko) Chrome/26.0.1410.43 Safari/537.31" -
0:0:0:0:0:0:0:1 - - [07/Apr/2013:00:46:40 +0200] "GET /favicon.ico HTTP/1.1" 404 1248 "-" "Mozilla/5.0 (Windows NT 6.1; WOW64) AppleWebKit/537.31 (KHTML, like Gecko) Chrome/26.0.1410.43 Safari/537.31" -
0:0:0:0:0:0:0:1 - admin [07/Apr/2013:00:46:42 +0200] "GET /localhost/schedule/ HTTP/1.1" 200 3022 "http://localhost:8080/localhost/admin/competition/" "Mozilla/5.0 (Windows NT 6.1; WOW64) AppleWebKit/537.31 (KHTML, like Gecko) Chrome/26.0.1410.43 Safari/537.31" -
0:0:0:0:0:0:0:1 - - [07/Apr/2013:00:46:42 +0200] "GET /favicon.ico HTTP/1.1" 404 1248 "-" "Mozilla/5.0 (Windows NT 6.1; WOW64) AppleWebKit/537.31 (KHTML, like Gecko) Chrome/26.0.1410.43 Safari/537.31" -
0:0:0:0:0:0:0:1 - admin [07/Apr/2013:00:48:30 +0200] "GET /localhost/admin/competition/ HTTP/1.1" 200 1127 "http://localhost:8080/localhost/admin/games/" "Mozilla/5.0 (Windows NT 6.1; WOW64) AppleWebKit/537.31 (KHTML, like Gecko) Chrome/26.0.1410.43 Safari/537.31" -
0:0:0:0:0:0:0:1 - - [07/Apr/2013:00:48:30 +0200] "GET /favicon.ico HTTP/1.1" 404 1248 "-" "Mozilla/5.0 (Windows NT 6.1; WOW64) AppleWebKit/537.31 (KHTML, like Gecko) Chrome/26.0.1410.43 Safari/537.31" -
0:0:0:0:0:0:0:1 - admin [07/Apr/2013:00:48:31 +0200] "GET /localhost/admin/games/ HTTP/1.1" 200 941 "http://localhost:8080/localhost/admin/" "Mozilla/5.0 (Windows NT 6.1; WOW64) AppleWebKit/537.31 (KHTML, like Gecko) Chrome/26.0.1410.43 Safari/537.31" -
0:0:0:0:0:0:0:1 - - [07/Apr/2013:00:48:31 +0200] "GET /favicon.ico HTTP/1.1" 404 1248 "-" "Mozilla/5.0 (Windows NT 6.1; WOW64) AppleWebKit/537.31 (KHTML, like Gecko) Chrome/26.0.1410.43 Safari/537.31" -
0:0:0:0:0:0:0:1 - admin [07/Apr/2013:00:48:32 +0200] "GET /localhost/admin/ HTTP/1.1" 200 2473 "http://localhost:8080/localhost/admin" "Mozilla/5.0 (Windows NT 6.1; WOW64) AppleWebKit/537.31 (KHTML, like Gecko) Chrome/26.0.1410.43 Safari/537.31" -
0:0:0:0:0:0:0:1 - - [07/Apr/2013:00:48:32 +0200] "GET /favicon.ico HTTP/1.1" 404 1248 "-" "Mozilla/5.0 (Windows NT 6.1; WOW64) AppleWebKit/537.31 (KHTML, like Gecko) Chrome/26.0.1410.43 Safari/537.31" -
0:0:0:0:0:0:0:1 - admin [07/Apr/2013:00:48:33 +0200] "GET /localhost/admin HTTP/1.1" 200 2473 "-" "Mozilla/5.0 (Windows NT 6.1; WOW64) AppleWebKit/537.31 (KHTML, like Gecko) Chrome/26.0.1410.43 Safari/537.31" -
0:0:0:0:0:0:0:1 - - [07/Apr/2013:00:48:33 +0200] "GET /favicon.ico HTTP/1.1" 404 1248 "-" "Mozilla/5.0 (Windows NT 6.1; WOW64) AppleWebKit/537.31 (KHTML, like Gecko) Chrome/26.0.1410.43 Safari/537.31" -
0:0:0:0:0:0:0:1 - - [07/Apr/2013:00:48:33 +0200] "GET / HTTP/1.1" 200 240 "-" "Mozilla/5.0 (Windows NT 6.1; WOW64) AppleWebKit/537.31 (KHTML, like Gecko) Chrome/26.0.1410.43 Safari/537.31" -
0:0:0:0:0:0:0:1 - - [07/Apr/2013:00:48:33 +0200] "GET /top/ HTTP/1.1" 200 335 "http://localhost:8080/" "Mozilla/5.0 (Windows NT 6.1; WOW64) AppleWebKit/537.31 (KHTML, like Gecko) Chrome/26.0.1410.43 Safari/537.31" -
0:0:0:0:0:0:0:1 - - [07/Apr/2013:00:48:33 +0200] "GET /menu/ HTTP/1.1" 200 922 "http://localhost:8080/" "Mozilla/5.0 (Windows NT 6.1; WOW64) AppleWebKit/537.31 (KHTML, like Gecko) Chrome/26.0.1410.43 Safari/537.31" -
0:0:0:0:0:0:0:1 - - [07/Apr/2013:00:48:33 +0200] "GET /status/ HTTP/1.1" 200 165 "http://localhost:8080/menu/" "Mozilla/5.0 (Windows NT 6.1; WOW64) AppleWebKit/537.31 (KHTML, like Gecko) Chrome/26.0.1410.43 Safari/537.31" -
0:0:0:0:0:0:0:1 - - [07/Apr/2013:00:48:34 +0200] "GET /favicon.ico HTTP/1.1" 404 1248 "-" "Mozilla/5.0 (Windows NT 6.1; WOW64) AppleWebKit/537.31 (KHTML, like Gecko) Chrome/26.0.1410.43 Safari/537.31" -
0:0:0:0:0:0:0:1 - - [07/Apr/2013:18:59:14 +0200] "GET /localhost/history/ HTTP/1.1" 200 2097 "http://localhost:8080/menu/" "Mozilla/5.0 (Windows NT 6.1; WOW64) AppleWebKit/537.31 (KHTML, like Gecko) Chrome/26.0.1410.43 Safari/537.31" -
0:0:0:0:0:0:0:1 - - [07/Apr/2013:18:59:14 +0200] "GET /favicon.ico HTTP/1.1" 404 1248 "-" "Mozilla/5.0 (Windows NT 6.1; WOW64) AppleWebKit/537.31 (KHTML, like Gecko) Chrome/26.0.1410.43 Safari/537.31" -
0:0:0:0:0:0:0:1 - - [07/Apr/2013:18:59:17 +0200] "GET /localhost/history/2/index.html HTTP/1.1" 200 708 "http://localhost:8080/localhost/history/" "Mozilla/5.0 (Windows NT 6.1; WOW64) AppleWebKit/537.31 (KHTML, like Gecko) Chrome/26.0.1410.43 Safari/537.31" -
0:0:0:0:0:0:0:1 - - [07/Apr/2013:18:59:17 +0200] "GET /favicon.ico HTTP/1.1" 404 1248 "-" "Mozilla/5.0 (Windows NT 6.1; WOW64) AppleWebKit/537.31 (KHTML, like Gecko) Chrome/26.0.1410.43 Safari/537.31" -
0:0:0:0:0:0:0:1 - - [07/Apr/2013:18:59:19 +0200] "GET /favicon.ico HTTP/1.1" 404 1248 "-" "Mozilla/5.0 (Windows NT 6.1; WOW64) AppleWebKit/537.31 (KHTML, like Gecko) Chrome/26.0.1410.43 Safari/537.31" -
0:0:0:0:0:0:0:1 - - [07/Apr/2013:18:59:20 +0200] "GET /status/ HTTP/1.1" 200 165 "http://localhost:8080/menu/" "Mozilla/5.0 (Windows NT 6.1; WOW64) AppleWebKit/537.31 (KHTML, like Gecko) Chrome/26.0.1410.43 Safari/537.31" -
0:0:0:0:0:0:0:1 - - [07/Apr/2013:18:59:20 +0200] "GET /favicon.ico HTTP/1.1" 404 1248 "-" "Mozilla/5.0 (Windows NT 6.1; WOW64) AppleWebKit/537.31 (KHTML, like Gecko) Chrome/26.0.1410.43 Safari/537.31" -
0:0:0:0:0:0:0:1 - admin [07/Apr/2013:18:59:21 +0200] "GET /localhost/games/ HTTP/1.1" 200 849 "http://localhost:8080/menu/" "Mozilla/5.0 (Windows NT 6.1; WOW64) AppleWebKit/537.31 (KHTML, like Gecko) Chrome/26.0.1410.43 Safari/537.31" -
0:0:0:0:0:0:0:1 - - [07/Apr/2013:18:59:21 +0200] "GET /favicon.ico HTTP/1.1" 404 1248 "-" "Mozilla/5.0 (Windows NT 6.1; WOW64) AppleWebKit/537.31 (KHTML, like Gecko) Chrome/26.0.1410.43 Safari/537.31" -
0:0:0:0:0:0:0:1 - - [07/Apr/2013:18:59:21 +0200] "GET /favicon.ico HTTP/1.1" 404 1248 "-" "Mozilla/5.0 (Windows NT 6.1; WOW64) AppleWebKit/537.31 (KHTML, like Gecko) Chrome/26.0.1410.43 Safari/537.31" -
0:0:0:0:0:0:0:1 - - [07/Apr/2013:18:59:22 +0200] "GET /top/ HTTP/1.1" 200 335 "http://localhost:8080/" "Mozilla/5.0 (Windows NT 6.1; WOW64) AppleWebKit/537.31 (KHTML, like Gecko) Chrome/26.0.1410.43 Safari/537.31" -
0:0:0:0:0:0:0:1 - - [07/Apr/2013:18:59:22 +0200] "GET /menu/ HTTP/1.1" 200 922 "http://localhost:8080/" "Mozilla/5.0 (Windows NT 6.1; WOW64) AppleWebKit/537.31 (KHTML, like Gecko) Chrome/26.0.1410.43 Safari/537.31" -
0:0:0:0:0:0:0:1 - - [07/Apr/2013:18:59:22 +0200] "GET /favicon.ico HTTP/1.1" 404 1248 "-" "Mozilla/5.0 (Windows NT 6.1; WOW64) AppleWebKit/537.31 (KHTML, like Gecko) Chrome/26.0.1410.43 Safari/537.31" -
0:0:0:0:0:0:0:1 - - [07/Apr/2013:18:59:24 +0200] "GET /favicon.ico HTTP/1.1" 404 1248 "-" "Mozilla/5.0 (Windows NT 6.1; WOW64) AppleWebKit/537.31 (KHTML, like Gecko) Chrome/26.0.1410.43 Safari/537.31" -
0:0:0:0:0:0:0:1 - - [07/Apr/2013:18:59:24 +0200] "GET /favicon.ico HTTP/1.1" 404 1248 "-" "Mozilla/5.0 (Windows NT 6.1; WOW64) AppleWebKit/537.31 (KHTML, like Gecko) Chrome/26.0.1410.43 Safari/537.31" -
0:0:0:0:0:0:0:1 - - [07/Apr/2013:18:59:25 +0200] "GET /favicon.ico HTTP/1.1" 404 1248 "-" "Mozilla/5.0 (Windows NT 6.1; WOW64) AppleWebKit/537.31 (KHTML, like Gecko) Chrome/26.0.1410.43 Safari/537.31" -
