17/04 00:13:50 INFO file.FileDatabase|infodb: database opened as E:\tacadx\tac-adx\AdX\adx-server-1.0.0.0\infodb
17/04 00:13:50 INFO common.BlockingViewerServer|viewer server started at *:4042
16/04 21:13:50 INFO sim.Admin|adding manager for simulation type tac13adx
16/04 21:13:50 INFO server.TACTGateway|TACT Server started at *:6502
16/04 21:13:52 INFO server.TACTChannel|user taux logged in as taux@tact-1 with version 0.9.6 from 127.0.0.1
16/04 21:13:52 INFO sim.Admin|created simulation 22
16/04 21:14:00 FINE sim.Admin|Entering log for simulation 21
************************************************************
* Entering log for simulation 21
************************************************************


16/04 21:24:00 INFO is.TACAAResultManager|generating results for simulation 21 to public_html\localhost\history\21\index.html
16/04 21:25:00 FINE sim.Admin|Entering log for simulation 22
************************************************************
* Entering log for simulation 22
************************************************************


16/04 21:35:00 INFO is.TACAAResultManager|generating results for simulation 22 to public_html\localhost\history\22\index.html
16/04 21:35:08 SEVERE tact.TACTConnection|taux@tact-1: reading error 
java.net.SocketException: Connection reset
	at java.net.SocketInputStream.read(SocketInputStream.java:168)
	at java.net.SocketInputStream.read(SocketInputStream.java:182)
	at java.io.DataInputStream.readInt(DataInputStream.java:370)
	at se.sics.isl.tact.TACTConnection$TACTReader.run(TACTConnection.java:405)
